[3.587s] DEBUG:colcon:Command line arguments: ['/usr/bin/colcon', 'build']
[3.587s] DEBUG:colcon:Parsed command line arguments: Namespace(allow_overriding=[], ament_cmake_args=None, base_paths=['.'], build_base='build', catkin_cmake_args=None, catkin_skip_building_tests=False, cmake_args=None, cmake_clean_cache=False, cmake_clean_first=False, cmake_force_configure=False, cmake_target=None, cmake_target_skip_unavailable=False, continue_on_error=False, event_handlers=None, executor='parallel', ignore_user_meta=False, install_base='install', log_base=None, log_level=None, main=<bound method BuildVerb.main of <colcon_core.verb.build.BuildVerb object at 0x7efc15aa7550>>, merge_install=False, metas=['./colcon.meta'], packages_above=None, packages_above_and_dependencies=None, packages_above_depth=None, packages_end=None, packages_ignore=None, packages_ignore_regex=None, packages_select=None, packages_select_build_failed=False, packages_select_by_dep=None, packages_select_regex=None, packages_select_test_failures=False, packages_skip=None, packages_skip_build_finished=False, packages_skip_by_dep=None, packages_skip_regex=None, packages_skip_test_passed=False, packages_skip_up_to=None, packages_start=None, packages_up_to=None, packages_up_to_regex=None, parallel_workers=8, paths=None, symlink_install=False, test_result_base=None, verb_extension=<colcon_core.verb.build.BuildVerb object at 0x7efc15aa7550>, verb_name='build', verb_parser=<colcon_defaults.argument_parser.defaults.DefaultArgumentsDecorator object at 0x7efc15aa7880>)
[3.745s] Level 1:colcon.colcon_core.package_discovery:discover_packages(colcon_meta) check parameters
[3.745s] Level 1:colcon.colcon_core.package_discovery:discover_packages(recursive) check parameters
[3.745s] Level 1:colcon.colcon_core.package_discovery:discover_packages(ignore) check parameters
[3.745s] Level 1:colcon.colcon_core.package_discovery:discover_packages(path) check parameters
[3.745s] Level 1:colcon.colcon_core.package_discovery:discover_packages(colcon_meta) discover
[3.745s] Level 1:colcon.colcon_core.package_discovery:discover_packages(recursive) discover
[3.745s] INFO:colcon.colcon_core.package_discovery:Crawling recursively for packages in '/home/rilbasestation02/sim_ws'
[3.745s] Level 1:colcon.colcon_core.package_identification:_identify(.) by extensions ['ignore', 'ignore_ament_install']
[3.745s] Level 1:colcon.colcon_core.package_identification:_identify(.) by extension 'ignore'
[3.745s] Level 1:colcon.colcon_core.package_identification:_identify(.) by extension 'ignore_ament_install'
[3.745s] Level 1:colcon.colcon_core.package_identification:_identify(.) by extensions ['colcon_pkg']
[3.746s] Level 1:colcon.colcon_core.package_identification:_identify(.) by extension 'colcon_pkg'
[3.746s] Level 1:colcon.colcon_core.package_identification:_identify(.) by extensions ['colcon_meta']
[3.746s] Level 1:colcon.colcon_core.package_identification:_identify(.) by extension 'colcon_meta'
[3.746s] Level 1:colcon.colcon_core.package_identification:_identify(.) by extensions ['ros']
[3.746s] Level 1:colcon.colcon_core.package_identification:_identify(.) by extension 'ros'
[3.761s] Level 1:colcon.colcon_core.package_identification:_identify(.) by extensions ['cmake', 'python']
[3.761s] Level 1:colcon.colcon_core.package_identification:_identify(.) by extension 'cmake'
[3.761s] Level 1:colcon.colcon_core.package_identification:_identify(.) by extension 'python'
[3.761s] Level 1:colcon.colcon_core.package_identification:_identify(.) by extensions ['python_setup_py']
[3.761s] Level 1:colcon.colcon_core.package_identification:_identify(.) by extension 'python_setup_py'
[3.761s] Level 1:colcon.colcon_core.package_identification:_identify(build) by extensions ['ignore', 'ignore_ament_install']
[3.761s] Level 1:colcon.colcon_core.package_identification:_identify(build) by extension 'ignore'
[3.761s] Level 1:colcon.colcon_core.package_identification:_identify(build) ignored
[3.761s] Level 1:colcon.colcon_core.package_identification:_identify(install) by extensions ['ignore', 'ignore_ament_install']
[3.762s] Level 1:colcon.colcon_core.package_identification:_identify(install) by extension 'ignore'
[3.762s] Level 1:colcon.colcon_core.package_identification:_identify(install) ignored
[3.762s] Level 1:colcon.colcon_core.package_identification:_identify(log) by extensions ['ignore', 'ignore_ament_install']
[3.762s] Level 1:colcon.colcon_core.package_identification:_identify(log) by extension 'ignore'
[3.762s] Level 1:colcon.colcon_core.package_identification:_identify(log) ignored
[3.762s] Level 1:colcon.colcon_core.package_identification:_identify(src) by extensions ['ignore', 'ignore_ament_install']
[3.763s] Level 1:colcon.colcon_core.package_identification:_identify(src) by extension 'ignore'
[3.763s] Level 1:colcon.colcon_core.package_identification:_identify(src) by extension 'ignore_ament_install'
[3.763s] Level 1:colcon.colcon_core.package_identification:_identify(src) by extensions ['colcon_pkg']
[3.763s] Level 1:colcon.colcon_core.package_identification:_identify(src) by extension 'colcon_pkg'
[3.763s] Level 1:colcon.colcon_core.package_identification:_identify(src) by extensions ['colcon_meta']
[3.763s] Level 1:colcon.colcon_core.package_identification:_identify(src) by extension 'colcon_meta'
[3.763s] Level 1:colcon.colcon_core.package_identification:_identify(src) by extensions ['ros']
[3.763s] Level 1:colcon.colcon_core.package_identification:_identify(src) by extension 'ros'
[3.764s] Level 1:colcon.colcon_core.package_identification:_identify(src) by extensions ['cmake', 'python']
[3.764s] Level 1:colcon.colcon_core.package_identification:_identify(src) by extension 'cmake'
[3.764s] Level 1:colcon.colcon_core.package_identification:_identify(src) by extension 'python'
[3.764s] Level 1:colcon.colcon_core.package_identification:_identify(src) by extensions ['python_setup_py']
[3.764s] Level 1:colcon.colcon_core.package_identification:_identify(src) by extension 'python_setup_py'
[3.764s] Level 1:colcon.colcon_core.package_identification:_identify(src/f1tenth_gym_ros) by extensions ['ignore', 'ignore_ament_install']
[3.764s] Level 1:colcon.colcon_core.package_identification:_identify(src/f1tenth_gym_ros) by extension 'ignore'
[3.764s] Level 1:colcon.colcon_core.package_identification:_identify(src/f1tenth_gym_ros) by extension 'ignore_ament_install'
[3.765s] Level 1:colcon.colcon_core.package_identification:_identify(src/f1tenth_gym_ros) by extensions ['colcon_pkg']
[3.765s] Level 1:colcon.colcon_core.package_identification:_identify(src/f1tenth_gym_ros) by extension 'colcon_pkg'
[3.765s] Level 1:colcon.colcon_core.package_identification:_identify(src/f1tenth_gym_ros) by extensions ['colcon_meta']
[3.765s] Level 1:colcon.colcon_core.package_identification:_identify(src/f1tenth_gym_ros) by extension 'colcon_meta'
[3.765s] Level 1:colcon.colcon_core.package_identification:_identify(src/f1tenth_gym_ros) by extensions ['ros']
[3.765s] Level 1:colcon.colcon_core.package_identification:_identify(src/f1tenth_gym_ros) by extension 'ros'
[3.768s] DEBUG:colcon.colcon_core.package_identification:Package 'src/f1tenth_gym_ros' with type 'ros.ament_python' and name 'f1tenth_gym_ros'
[3.769s] Level 1:colcon.colcon_core.package_identification:_identify(src/log) by extensions ['ignore', 'ignore_ament_install']
[3.769s] Level 1:colcon.colcon_core.package_identification:_identify(src/log) by extension 'ignore'
[3.769s] Level 1:colcon.colcon_core.package_identification:_identify(src/log) ignored
[3.769s] Level 1:colcon.colcon_core.package_identification:_identify(src/safety_pkg) by extensions ['ignore', 'ignore_ament_install']
[3.769s] Level 1:colcon.colcon_core.package_identification:_identify(src/safety_pkg) by extension 'ignore'
[3.769s] Level 1:colcon.colcon_core.package_identification:_identify(src/safety_pkg) by extension 'ignore_ament_install'
[3.770s] Level 1:colcon.colcon_core.package_identification:_identify(src/safety_pkg) by extensions ['colcon_pkg']
[3.770s] Level 1:colcon.colcon_core.package_identification:_identify(src/safety_pkg) by extension 'colcon_pkg'
[3.770s] Level 1:colcon.colcon_core.package_identification:_identify(src/safety_pkg) by extensions ['colcon_meta']
[3.770s] Level 1:colcon.colcon_core.package_identification:_identify(src/safety_pkg) by extension 'colcon_meta'
[3.770s] Level 1:colcon.colcon_core.package_identification:_identify(src/safety_pkg) by extensions ['ros']
[3.770s] Level 1:colcon.colcon_core.package_identification:_identify(src/safety_pkg) by extension 'ros'
[3.771s] DEBUG:colcon.colcon_core.package_identification:Package 'src/safety_pkg' with type 'ros.ament_python' and name 'safety_pkg'
[3.771s] Level 1:colcon.colcon_core.package_discovery:discover_packages(recursive) using defaults
[3.771s] Level 1:colcon.colcon_core.package_discovery:discover_packages(ignore) discover
[3.771s] Level 1:colcon.colcon_core.package_discovery:discover_packages(ignore) using defaults
[3.771s] Level 1:colcon.colcon_core.package_discovery:discover_packages(path) discover
[3.771s] Level 1:colcon.colcon_core.package_discovery:discover_packages(path) using defaults
[4.121s] Level 1:colcon.colcon_core.package_discovery:discover_packages(prefix_path) check parameters
[4.121s] Level 1:colcon.colcon_core.package_discovery:discover_packages(prefix_path) discover
[4.252s] DEBUG:colcon.colcon_installed_package_information.package_discovery:Found 3 installed packages in /home/rilbasestation02/sim_ws/install
[4.318s] DEBUG:colcon.colcon_installed_package_information.package_discovery:Found 280 installed packages in /opt/ros/galactic
[4.321s] Level 1:colcon.colcon_core.package_discovery:discover_packages(prefix_path) using defaults
[4.582s] Level 5:colcon.colcon_core.verb:set package 'f1tenth_gym_ros' build argument 'cmake_args' from command line to 'None'
[4.582s] Level 5:colcon.colcon_core.verb:set package 'f1tenth_gym_ros' build argument 'cmake_target' from command line to 'None'
[4.582s] Level 5:colcon.colcon_core.verb:set package 'f1tenth_gym_ros' build argument 'cmake_target_skip_unavailable' from command line to 'False'
[4.582s] Level 5:colcon.colcon_core.verb:set package 'f1tenth_gym_ros' build argument 'cmake_clean_cache' from command line to 'False'
[4.582s] Level 5:colcon.colcon_core.verb:set package 'f1tenth_gym_ros' build argument 'cmake_clean_first' from command line to 'False'
[4.582s] Level 5:colcon.colcon_core.verb:set package 'f1tenth_gym_ros' build argument 'cmake_force_configure' from command line to 'False'
[4.582s] Level 5:colcon.colcon_core.verb:set package 'f1tenth_gym_ros' build argument 'ament_cmake_args' from command line to 'None'
[4.582s] Level 5:colcon.colcon_core.verb:set package 'f1tenth_gym_ros' build argument 'catkin_cmake_args' from command line to 'None'
[4.582s] Level 5:colcon.colcon_core.verb:set package 'f1tenth_gym_ros' build argument 'catkin_skip_building_tests' from command line to 'False'
[4.582s] DEBUG:colcon.colcon_core.verb:Building package 'f1tenth_gym_ros' with the following arguments: {'ament_cmake_args': None, 'build_base': '/home/rilbasestation02/sim_ws/build/f1tenth_gym_ros', 'catkin_cmake_args': None, 'catkin_skip_building_tests': False, 'cmake_args': None, 'cmake_clean_cache': False, 'cmake_clean_first': False, 'cmake_force_configure': False, 'cmake_target': None, 'cmake_target_skip_unavailable': False, 'install_base': '/home/rilbasestation02/sim_ws/install/f1tenth_gym_ros', 'merge_install': False, 'path': '/home/rilbasestation02/sim_ws/src/f1tenth_gym_ros', 'symlink_install': False, 'test_result_base': None}
[4.648s] Level 5:colcon.colcon_core.verb:set package 'safety_pkg' build argument 'cmake_args' from command line to 'None'
[4.648s] Level 5:colcon.colcon_core.verb:set package 'safety_pkg' build argument 'cmake_target' from command line to 'None'
[4.648s] Level 5:colcon.colcon_core.verb:set package 'safety_pkg' build argument 'cmake_target_skip_unavailable' from command line to 'False'
[4.648s] Level 5:colcon.colcon_core.verb:set package 'safety_pkg' build argument 'cmake_clean_cache' from command line to 'False'
[4.648s] Level 5:colcon.colcon_core.verb:set package 'safety_pkg' build argument 'cmake_clean_first' from command line to 'False'
[4.648s] Level 5:colcon.colcon_core.verb:set package 'safety_pkg' build argument 'cmake_force_configure' from command line to 'False'
[4.648s] Level 5:colcon.colcon_core.verb:set package 'safety_pkg' build argument 'ament_cmake_args' from command line to 'None'
[4.648s] Level 5:colcon.colcon_core.verb:set package 'safety_pkg' build argument 'catkin_cmake_args' from command line to 'None'
[4.648s] Level 5:colcon.colcon_core.verb:set package 'safety_pkg' build argument 'catkin_skip_building_tests' from command line to 'False'
[4.648s] DEBUG:colcon.colcon_core.verb:Building package 'safety_pkg' with the following arguments: {'ament_cmake_args': None, 'build_base': '/home/rilbasestation02/sim_ws/build/safety_pkg', 'catkin_cmake_args': None, 'catkin_skip_building_tests': False, 'cmake_args': None, 'cmake_clean_cache': False, 'cmake_clean_first': False, 'cmake_force_configure': False, 'cmake_target': None, 'cmake_target_skip_unavailable': False, 'install_base': '/home/rilbasestation02/sim_ws/install/safety_pkg', 'merge_install': False, 'path': '/home/rilbasestation02/sim_ws/src/safety_pkg', 'symlink_install': False, 'test_result_base': None}
[4.712s] INFO:colcon.colcon_core.executor:Executing jobs using 'parallel' executor
[4.777s] DEBUG:colcon.colcon_parallel_executor.executor.parallel:run_until_complete
[4.777s] INFO:colcon.colcon_ros.task.ament_python.build:Building ROS package in '/home/rilbasestation02/sim_ws/src/f1tenth_gym_ros' with build type 'ament_python'
[4.777s] Level 1:colcon.colcon_core.shell:create_environment_hook('f1tenth_gym_ros', 'ament_prefix_path')
[4.853s] INFO:colcon.colcon_core.plugin_system:Skipping extension 'colcon_core.shell.bat': Not used on non-Windows systems
[4.853s] INFO:colcon.colcon_core.shell:Creating environment hook '/home/rilbasestation02/sim_ws/install/f1tenth_gym_ros/share/f1tenth_gym_ros/hook/ament_prefix_path.ps1'
[4.853s] INFO:colcon.colcon_core.shell:Creating environment descriptor '/home/rilbasestation02/sim_ws/install/f1tenth_gym_ros/share/f1tenth_gym_ros/hook/ament_prefix_path.dsv'
[4.854s] INFO:colcon.colcon_core.shell:Creating environment hook '/home/rilbasestation02/sim_ws/install/f1tenth_gym_ros/share/f1tenth_gym_ros/hook/ament_prefix_path.sh'
[4.921s] INFO:colcon.colcon_core.shell:Skip shell extension 'powershell' for command environment: Not usable outside of PowerShell
[4.921s] DEBUG:colcon.colcon_core.shell:Skip shell extension 'dsv' for command environment
[5.095s] INFO:colcon.colcon_ros.task.ament_python.build:Building ROS package in '/home/rilbasestation02/sim_ws/src/safety_pkg' with build type 'ament_python'
[5.096s] Level 1:colcon.colcon_core.shell:create_environment_hook('safety_pkg', 'ament_prefix_path')
[5.154s] INFO:colcon.colcon_core.shell:Creating environment hook '/home/rilbasestation02/sim_ws/install/safety_pkg/share/safety_pkg/hook/ament_prefix_path.ps1'
[5.155s] INFO:colcon.colcon_core.shell:Creating environment descriptor '/home/rilbasestation02/sim_ws/install/safety_pkg/share/safety_pkg/hook/ament_prefix_path.dsv'
[5.155s] INFO:colcon.colcon_core.shell:Creating environment hook '/home/rilbasestation02/sim_ws/install/safety_pkg/share/safety_pkg/hook/ament_prefix_path.sh'
[5.211s] INFO:colcon.colcon_core.shell:Skip shell extension 'powershell' for command environment: Not usable outside of PowerShell
[5.211s] DEBUG:colcon.colcon_core.shell:Skip shell extension 'dsv' for command environment
[5.666s] INFO:colcon.colcon_core.task.python.build:Building Python package in '/home/rilbasestation02/sim_ws/src/f1tenth_gym_ros'
[5.726s] INFO:colcon.colcon_core.shell:Skip shell extension 'powershell' for command environment: Not usable outside of PowerShell
[5.726s] DEBUG:colcon.colcon_core.shell:Skip shell extension 'dsv' for command environment
[6.192s] INFO:colcon.colcon_core.task.python.build:Building Python package in '/home/rilbasestation02/sim_ws/src/safety_pkg'
[6.246s] INFO:colcon.colcon_core.shell:Skip shell extension 'powershell' for command environment: Not usable outside of PowerShell
[6.246s] DEBUG:colcon.colcon_core.shell:Skip shell extension 'dsv' for command environment
[6.947s] DEBUG:colcon.colcon_core.event_handler.log_command:Invoking command in '/home/rilbasestation02/sim_ws/src/f1tenth_gym_ros': PYTHONPATH=/home/rilbasestation02/sim_ws/build/f1tenth_gym_ros/prefix_override:/home/rilbasestation02/sim_ws/install/f1tenth_gym_ros/lib/python3.8/site-packages:${PYTHONPATH} /usr/bin/python3 setup.py egg_info --egg-base ../../build/f1tenth_gym_ros build --build-base /home/rilbasestation02/sim_ws/build/f1tenth_gym_ros/build install --record /home/rilbasestation02/sim_ws/build/f1tenth_gym_ros/install.log --install-scripts $base/lib/f1tenth_gym_ros --single-version-externally-managed
[6.959s] DEBUG:colcon.colcon_core.event_handler.log_command:Invoking command in '/home/rilbasestation02/sim_ws/src/safety_pkg': PYTHONPATH=/home/rilbasestation02/sim_ws/build/safety_pkg/prefix_override:/home/rilbasestation02/sim_ws/install/safety_pkg/lib/python3.8/site-packages:${PYTHONPATH} /usr/bin/python3 setup.py egg_info --egg-base ../../build/safety_pkg build --build-base /home/rilbasestation02/sim_ws/build/safety_pkg/build install --record /home/rilbasestation02/sim_ws/build/safety_pkg/install.log --single-version-externally-managed
[7.341s] DEBUG:colcon.colcon_core.event_handler.log_command:Invoked command in '/home/rilbasestation02/sim_ws/src/f1tenth_gym_ros' returned '0': PYTHONPATH=/home/rilbasestation02/sim_ws/build/f1tenth_gym_ros/prefix_override:/home/rilbasestation02/sim_ws/install/f1tenth_gym_ros/lib/python3.8/site-packages:${PYTHONPATH} /usr/bin/python3 setup.py egg_info --egg-base ../../build/f1tenth_gym_ros build --build-base /home/rilbasestation02/sim_ws/build/f1tenth_gym_ros/build install --record /home/rilbasestation02/sim_ws/build/f1tenth_gym_ros/install.log --install-scripts $base/lib/f1tenth_gym_ros --single-version-externally-managed
[7.407s] Level 1:colcon.colcon_core.environment:checking '/home/rilbasestation02/sim_ws/install/f1tenth_gym_ros' for CMake module files
[7.407s] Level 1:colcon.colcon_core.environment:checking '/home/rilbasestation02/sim_ws/install/f1tenth_gym_ros' for CMake config files
[7.408s] Level 1:colcon.colcon_core.environment:checking '/home/rilbasestation02/sim_ws/install/f1tenth_gym_ros/lib'
[7.408s] Level 1:colcon.colcon_core.environment:checking '/home/rilbasestation02/sim_ws/install/f1tenth_gym_ros/bin'
[7.408s] Level 1:colcon.colcon_core.environment:checking '/home/rilbasestation02/sim_ws/install/f1tenth_gym_ros/lib/pkgconfig/f1tenth_gym_ros.pc'
[7.409s] Level 1:colcon.colcon_core.environment:checking '/home/rilbasestation02/sim_ws/install/f1tenth_gym_ros/lib/python3.8/site-packages'
[7.409s] Level 1:colcon.colcon_core.shell:create_environment_hook('f1tenth_gym_ros', 'pythonpath')
[7.465s] INFO:colcon.colcon_core.shell:Creating environment hook '/home/rilbasestation02/sim_ws/install/f1tenth_gym_ros/share/f1tenth_gym_ros/hook/pythonpath.ps1'
[7.465s] INFO:colcon.colcon_core.shell:Creating environment descriptor '/home/rilbasestation02/sim_ws/install/f1tenth_gym_ros/share/f1tenth_gym_ros/hook/pythonpath.dsv'
[7.466s] INFO:colcon.colcon_core.shell:Creating environment hook '/home/rilbasestation02/sim_ws/install/f1tenth_gym_ros/share/f1tenth_gym_ros/hook/pythonpath.sh'
[7.466s] Level 1:colcon.colcon_core.environment:checking '/home/rilbasestation02/sim_ws/install/f1tenth_gym_ros/bin'
[7.466s] Level 1:colcon.colcon_core.environment:create_environment_scripts_only(f1tenth_gym_ros)
[7.529s] INFO:colcon.colcon_core.shell:Creating package script '/home/rilbasestation02/sim_ws/install/f1tenth_gym_ros/share/f1tenth_gym_ros/package.ps1'
[7.530s] INFO:colcon.colcon_core.shell:Creating package descriptor '/home/rilbasestation02/sim_ws/install/f1tenth_gym_ros/share/f1tenth_gym_ros/package.dsv'
[7.530s] INFO:colcon.colcon_core.shell:Creating package script '/home/rilbasestation02/sim_ws/install/f1tenth_gym_ros/share/f1tenth_gym_ros/package.sh'
[7.531s] INFO:colcon.colcon_core.shell:Creating package script '/home/rilbasestation02/sim_ws/install/f1tenth_gym_ros/share/f1tenth_gym_ros/package.bash'
[7.533s] INFO:colcon.colcon_core.shell:Creating package script '/home/rilbasestation02/sim_ws/install/f1tenth_gym_ros/share/f1tenth_gym_ros/package.zsh'
[7.533s] Level 1:colcon.colcon_core.environment:create_file_with_runtime_dependencies(/home/rilbasestation02/sim_ws/install/f1tenth_gym_ros/share/colcon-core/packages/f1tenth_gym_ros)
[7.537s] DEBUG:colcon.colcon_core.event_handler.log_command:Invoked command in '/home/rilbasestation02/sim_ws/src/safety_pkg' returned '0': PYTHONPATH=/home/rilbasestation02/sim_ws/build/safety_pkg/prefix_override:/home/rilbasestation02/sim_ws/install/safety_pkg/lib/python3.8/site-packages:${PYTHONPATH} /usr/bin/python3 setup.py egg_info --egg-base ../../build/safety_pkg build --build-base /home/rilbasestation02/sim_ws/build/safety_pkg/build install --record /home/rilbasestation02/sim_ws/build/safety_pkg/install.log --single-version-externally-managed
[7.609s] Level 1:colcon.colcon_core.environment:checking '/home/rilbasestation02/sim_ws/install/safety_pkg' for CMake module files
[7.609s] Level 1:colcon.colcon_core.environment:checking '/home/rilbasestation02/sim_ws/install/safety_pkg' for CMake config files
[7.610s] Level 1:colcon.colcon_core.environment:checking '/home/rilbasestation02/sim_ws/install/safety_pkg/lib'
[7.610s] Level 1:colcon.colcon_core.environment:checking '/home/rilbasestation02/sim_ws/install/safety_pkg/bin'
[7.611s] Level 1:colcon.colcon_core.environment:checking '/home/rilbasestation02/sim_ws/install/safety_pkg/lib/pkgconfig/safety_pkg.pc'
[7.611s] Level 1:colcon.colcon_core.environment:checking '/home/rilbasestation02/sim_ws/install/safety_pkg/lib/python3.8/site-packages'
[7.611s] Level 1:colcon.colcon_core.shell:create_environment_hook('safety_pkg', 'pythonpath')
[7.667s] INFO:colcon.colcon_core.shell:Creating environment hook '/home/rilbasestation02/sim_ws/install/safety_pkg/share/safety_pkg/hook/pythonpath.ps1'
[7.668s] INFO:colcon.colcon_core.shell:Creating environment descriptor '/home/rilbasestation02/sim_ws/install/safety_pkg/share/safety_pkg/hook/pythonpath.dsv'
[7.668s] INFO:colcon.colcon_core.shell:Creating environment hook '/home/rilbasestation02/sim_ws/install/safety_pkg/share/safety_pkg/hook/pythonpath.sh'
[7.669s] Level 1:colcon.colcon_core.environment:checking '/home/rilbasestation02/sim_ws/install/safety_pkg/bin'
[7.669s] Level 1:colcon.colcon_core.environment:create_environment_scripts_only(safety_pkg)
[7.728s] INFO:colcon.colcon_core.shell:Creating package script '/home/rilbasestation02/sim_ws/install/safety_pkg/share/safety_pkg/package.ps1'
[7.729s] INFO:colcon.colcon_core.shell:Creating package descriptor '/home/rilbasestation02/sim_ws/install/safety_pkg/share/safety_pkg/package.dsv'
[7.729s] INFO:colcon.colcon_core.shell:Creating package script '/home/rilbasestation02/sim_ws/install/safety_pkg/share/safety_pkg/package.sh'
[7.730s] INFO:colcon.colcon_core.shell:Creating package script '/home/rilbasestation02/sim_ws/install/safety_pkg/share/safety_pkg/package.bash'
[7.731s] INFO:colcon.colcon_core.shell:Creating package script '/home/rilbasestation02/sim_ws/install/safety_pkg/share/safety_pkg/package.zsh'
[7.731s] Level 1:colcon.colcon_core.environment:create_file_with_runtime_dependencies(/home/rilbasestation02/sim_ws/install/safety_pkg/share/colcon-core/packages/safety_pkg)
[7.732s] DEBUG:colcon.colcon_parallel_executor.executor.parallel:closing loop
[7.732s] DEBUG:colcon.colcon_parallel_executor.executor.parallel:loop closed
[7.732s] DEBUG:colcon.colcon_parallel_executor.executor.parallel:run_until_complete finished with '0'
[7.732s] DEBUG:colcon.colcon_core.event_reactor:joining thread
[7.797s] INFO:colcon.colcon_core.plugin_system:Skipping extension 'colcon_notification.desktop_notification.terminal_notifier': Not used on non-Darwin systems
[7.797s] INFO:colcon.colcon_core.plugin_system:Skipping extension 'colcon_notification.desktop_notification.win32': Not used on non-Windows systems
[7.797s] INFO:colcon.colcon_notification.desktop_notification:Sending desktop notification using 'notify2'
[7.813s] DEBUG:colcon.colcon_core.event_reactor:joined thread
[7.867s] INFO:colcon.colcon_core.shell:Creating prefix script '/home/rilbasestation02/sim_ws/install/local_setup.ps1'
[7.868s] INFO:colcon.colcon_core.shell:Creating prefix util module '/home/rilbasestation02/sim_ws/install/_local_setup_util_ps1.py'
[7.869s] INFO:colcon.colcon_core.shell:Creating prefix chain script '/home/rilbasestation02/sim_ws/install/setup.ps1'
[7.923s] INFO:colcon.colcon_core.shell:Creating prefix script '/home/rilbasestation02/sim_ws/install/local_setup.sh'
[7.924s] INFO:colcon.colcon_core.shell:Creating prefix util module '/home/rilbasestation02/sim_ws/install/_local_setup_util_sh.py'
[7.924s] INFO:colcon.colcon_core.shell:Creating prefix chain script '/home/rilbasestation02/sim_ws/install/setup.sh'
[7.979s] INFO:colcon.colcon_core.shell:Creating prefix script '/home/rilbasestation02/sim_ws/install/local_setup.bash'
[7.979s] INFO:colcon.colcon_core.shell:Creating prefix chain script '/home/rilbasestation02/sim_ws/install/setup.bash'
[8.030s] INFO:colcon.colcon_core.shell:Creating prefix script '/home/rilbasestation02/sim_ws/install/local_setup.zsh'
[8.031s] INFO:colcon.colcon_core.shell:Creating prefix chain script '/home/rilbasestation02/sim_ws/install/setup.zsh'
