[1.088s] Invoking command in '/home/rilbasestation02/sim_ws/src/f1tenth_gym_ros': PYTHONPATH=/home/rilbasestation02/sim_ws/build/f1tenth_gym_ros/prefix_override:/home/rilbasestation02/sim_ws/install/f1tenth_gym_ros/lib/python3.8/site-packages:${PYTHONPATH} /usr/bin/python3 setup.py egg_info --egg-base ../../build/f1tenth_gym_ros build --build-base /home/rilbasestation02/sim_ws/build/f1tenth_gym_ros/build install --record /home/rilbasestation02/sim_ws/build/f1tenth_gym_ros/install.log --install-scripts $base/lib/f1tenth_gym_ros --single-version-externally-managed
[1.316s] running egg_info
[1.317s] creating ../../build/f1tenth_gym_ros/f1tenth_gym_ros.egg-info
[1.317s] writing ../../build/f1tenth_gym_ros/f1tenth_gym_ros.egg-info/PKG-INFO
[1.317s] writing dependency_links to ../../build/f1tenth_gym_ros/f1tenth_gym_ros.egg-info/dependency_links.txt
[1.318s] writing entry points to ../../build/f1tenth_gym_ros/f1tenth_gym_ros.egg-info/entry_points.txt
[1.318s] writing requirements to ../../build/f1tenth_gym_ros/f1tenth_gym_ros.egg-info/requires.txt
[1.318s] writing top-level names to ../../build/f1tenth_gym_ros/f1tenth_gym_ros.egg-info/top_level.txt
[1.327s] writing manifest file '../../build/f1tenth_gym_ros/f1tenth_gym_ros.egg-info/SOURCES.txt'
[1.360s] reading manifest file '../../build/f1tenth_gym_ros/f1tenth_gym_ros.egg-info/SOURCES.txt'
[1.360s] writing manifest file '../../build/f1tenth_gym_ros/f1tenth_gym_ros.egg-info/SOURCES.txt'
[1.361s] running build
[1.361s] running build_py
[1.361s] creating /home/rilbasestation02/sim_ws/build/f1tenth_gym_ros/build
[1.361s] creating /home/rilbasestation02/sim_ws/build/f1tenth_gym_ros/build/lib
[1.361s] creating /home/rilbasestation02/sim_ws/build/f1tenth_gym_ros/build/lib/f1tenth_gym_ros
[1.361s] copying f1tenth_gym_ros/gym_bridge.py -> /home/rilbasestation02/sim_ws/build/f1tenth_gym_ros/build/lib/f1tenth_gym_ros
[1.362s] copying f1tenth_gym_ros/__init__.py -> /home/rilbasestation02/sim_ws/build/f1tenth_gym_ros/build/lib/f1tenth_gym_ros
[1.362s] running install
[1.362s] running install_lib
[1.363s] creating /home/rilbasestation02/sim_ws/install/f1tenth_gym_ros/lib/python3.8/site-packages/f1tenth_gym_ros
[1.363s] copying /home/rilbasestation02/sim_ws/build/f1tenth_gym_ros/build/lib/f1tenth_gym_ros/gym_bridge.py -> /home/rilbasestation02/sim_ws/install/f1tenth_gym_ros/lib/python3.8/site-packages/f1tenth_gym_ros
[1.363s] copying /home/rilbasestation02/sim_ws/build/f1tenth_gym_ros/build/lib/f1tenth_gym_ros/__init__.py -> /home/rilbasestation02/sim_ws/install/f1tenth_gym_ros/lib/python3.8/site-packages/f1tenth_gym_ros
[1.364s] byte-compiling /home/rilbasestation02/sim_ws/install/f1tenth_gym_ros/lib/python3.8/site-packages/f1tenth_gym_ros/gym_bridge.py to gym_bridge.cpython-38.pyc
[1.368s] byte-compiling /home/rilbasestation02/sim_ws/install/f1tenth_gym_ros/lib/python3.8/site-packages/f1tenth_gym_ros/__init__.py to __init__.cpython-38.pyc
[1.368s] running install_data
[1.369s] creating /home/rilbasestation02/sim_ws/install/f1tenth_gym_ros/share/ament_index
[1.369s] creating /home/rilbasestation02/sim_ws/install/f1tenth_gym_ros/share/ament_index/resource_index
[1.369s] creating /home/rilbasestation02/sim_ws/install/f1tenth_gym_ros/share/ament_index/resource_index/packages
[1.369s] copying resource/f1tenth_gym_ros -> /home/rilbasestation02/sim_ws/install/f1tenth_gym_ros/share/ament_index/resource_index/packages
[1.370s] copying package.xml -> /home/rilbasestation02/sim_ws/install/f1tenth_gym_ros/share/f1tenth_gym_ros
[1.370s] creating /home/rilbasestation02/sim_ws/install/f1tenth_gym_ros/share/f1tenth_gym_ros/launch
[1.370s] copying launch/gym_bridge_launch.py -> /home/rilbasestation02/sim_ws/install/f1tenth_gym_ros/share/f1tenth_gym_ros/launch
[1.370s] copying launch/ego_racecar.xacro -> /home/rilbasestation02/sim_ws/install/f1tenth_gym_ros/share/f1tenth_gym_ros/launch
[1.370s] copying launch/opp_racecar.xacro -> /home/rilbasestation02/sim_ws/install/f1tenth_gym_ros/share/f1tenth_gym_ros/launch
[1.370s] copying launch/gym_bridge.rviz -> /home/rilbasestation02/sim_ws/install/f1tenth_gym_ros/share/f1tenth_gym_ros/launch
[1.370s] creating /home/rilbasestation02/sim_ws/install/f1tenth_gym_ros/share/f1tenth_gym_ros/config
[1.370s] copying config/sim.yaml -> /home/rilbasestation02/sim_ws/install/f1tenth_gym_ros/share/f1tenth_gym_ros/config
[1.370s] running install_egg_info
[1.371s] Copying ../../build/f1tenth_gym_ros/f1tenth_gym_ros.egg-info to /home/rilbasestation02/sim_ws/install/f1tenth_gym_ros/lib/python3.8/site-packages/f1tenth_gym_ros-0.0.0-py3.8.egg-info
[1.372s] running install_scripts
[1.388s] Installing gym_bridge script to /home/rilbasestation02/sim_ws/install/f1tenth_gym_ros/lib/f1tenth_gym_ros
[1.389s] writing list of installed files to '/home/rilbasestation02/sim_ws/build/f1tenth_gym_ros/install.log'
[1.417s] Invoked command in '/home/rilbasestation02/sim_ws/src/f1tenth_gym_ros' returned '0': PYTHONPATH=/home/rilbasestation02/sim_ws/build/f1tenth_gym_ros/prefix_override:/home/rilbasestation02/sim_ws/install/f1tenth_gym_ros/lib/python3.8/site-packages:${PYTHONPATH} /usr/bin/python3 setup.py egg_info --egg-base ../../build/f1tenth_gym_ros build --build-base /home/rilbasestation02/sim_ws/build/f1tenth_gym_ros/build install --record /home/rilbasestation02/sim_ws/build/f1tenth_gym_ros/install.log --install-scripts $base/lib/f1tenth_gym_ros --single-version-externally-managed
