[3.194s] DEBUG:colcon:Command line arguments: ['/usr/bin/colcon', 'build']
[3.194s] DEBUG:colcon:Parsed command line arguments: Namespace(allow_overriding=[], ament_cmake_args=None, base_paths=['.'], build_base='build', catkin_cmake_args=None, catkin_skip_building_tests=False, cmake_args=None, cmake_clean_cache=False, cmake_clean_first=False, cmake_force_configure=False, cmake_target=None, cmake_target_skip_unavailable=False, continue_on_error=False, event_handlers=None, executor='parallel', ignore_user_meta=False, install_base='install', log_base=None, log_level=None, main=<bound method BuildVerb.main of <colcon_core.verb.build.BuildVerb object at 0x7fe1fd6557c0>>, merge_install=False, metas=['./colcon.meta'], packages_above=None, packages_above_and_dependencies=None, packages_above_depth=None, packages_end=None, packages_ignore=None, packages_ignore_regex=None, packages_select=None, packages_select_build_failed=False, packages_select_by_dep=None, packages_select_regex=None, packages_select_test_failures=False, packages_skip=None, packages_skip_build_finished=False, packages_skip_by_dep=None, packages_skip_regex=None, packages_skip_test_passed=False, packages_skip_up_to=None, packages_start=None, packages_up_to=None, packages_up_to_regex=None, parallel_workers=8, paths=None, symlink_install=False, test_result_base=None, verb_extension=<colcon_core.verb.build.BuildVerb object at 0x7fe1fd6557c0>, verb_name='build', verb_parser=<colcon_defaults.argument_parser.defaults.DefaultArgumentsDecorator object at 0x7fe1fd64e820>)
[3.330s] Level 1:colcon.colcon_core.package_discovery:discover_packages(colcon_meta) check parameters
[3.330s] Level 1:colcon.colcon_core.package_discovery:discover_packages(recursive) check parameters
[3.330s] Level 1:colcon.colcon_core.package_discovery:discover_packages(ignore) check parameters
[3.330s] Level 1:colcon.colcon_core.package_discovery:discover_packages(path) check parameters
[3.330s] Level 1:colcon.colcon_core.package_discovery:discover_packages(colcon_meta) discover
[3.330s] Level 1:colcon.colcon_core.package_discovery:discover_packages(recursive) discover
[3.330s] INFO:colcon.colcon_core.package_discovery:Crawling recursively for packages in '/home/rilbasestation02/sim_ws'
[3.330s] Level 1:colcon.colcon_core.package_identification:_identify(.) by extensions ['ignore', 'ignore_ament_install']
[3.330s] Level 1:colcon.colcon_core.package_identification:_identify(.) by extension 'ignore'
[3.330s] Level 1:colcon.colcon_core.package_identification:_identify(.) by extension 'ignore_ament_install'
[3.330s] Level 1:colcon.colcon_core.package_identification:_identify(.) by extensions ['colcon_pkg']
[3.331s] Level 1:colcon.colcon_core.package_identification:_identify(.) by extension 'colcon_pkg'
[3.331s] Level 1:colcon.colcon_core.package_identification:_identify(.) by extensions ['colcon_meta']
[3.331s] Level 1:colcon.colcon_core.package_identification:_identify(.) by extension 'colcon_meta'
[3.331s] Level 1:colcon.colcon_core.package_identification:_identify(.) by extensions ['ros']
[3.331s] Level 1:colcon.colcon_core.package_identification:_identify(.) by extension 'ros'
[3.342s] Level 1:colcon.colcon_core.package_identification:_identify(.) by extensions ['cmake', 'python']
[3.343s] Level 1:colcon.colcon_core.package_identification:_identify(.) by extension 'cmake'
[3.343s] Level 1:colcon.colcon_core.package_identification:_identify(.) by extension 'python'
[3.343s] Level 1:colcon.colcon_core.package_identification:_identify(.) by extensions ['python_setup_py']
[3.343s] Level 1:colcon.colcon_core.package_identification:_identify(.) by extension 'python_setup_py'
[3.343s] Level 1:colcon.colcon_core.package_identification:_identify(build) by extensions ['ignore', 'ignore_ament_install']
[3.343s] Level 1:colcon.colcon_core.package_identification:_identify(build) by extension 'ignore'
[3.343s] Level 1:colcon.colcon_core.package_identification:_identify(build) ignored
[3.343s] Level 1:colcon.colcon_core.package_identification:_identify(install) by extensions ['ignore', 'ignore_ament_install']
[3.344s] Level 1:colcon.colcon_core.package_identification:_identify(install) by extension 'ignore'
[3.344s] Level 1:colcon.colcon_core.package_identification:_identify(install) ignored
[3.344s] Level 1:colcon.colcon_core.package_identification:_identify(log) by extensions ['ignore', 'ignore_ament_install']
[3.344s] Level 1:colcon.colcon_core.package_identification:_identify(log) by extension 'ignore'
[3.344s] Level 1:colcon.colcon_core.package_identification:_identify(log) ignored
[3.344s] Level 1:colcon.colcon_core.package_identification:_identify(src) by extensions ['ignore', 'ignore_ament_install']
[3.344s] Level 1:colcon.colcon_core.package_identification:_identify(src) by extension 'ignore'
[3.344s] Level 1:colcon.colcon_core.package_identification:_identify(src) by extension 'ignore_ament_install'
[3.344s] Level 1:colcon.colcon_core.package_identification:_identify(src) by extensions ['colcon_pkg']
[3.344s] Level 1:colcon.colcon_core.package_identification:_identify(src) by extension 'colcon_pkg'
[3.345s] Level 1:colcon.colcon_core.package_identification:_identify(src) by extensions ['colcon_meta']
[3.345s] Level 1:colcon.colcon_core.package_identification:_identify(src) by extension 'colcon_meta'
[3.345s] Level 1:colcon.colcon_core.package_identification:_identify(src) by extensions ['ros']
[3.345s] Level 1:colcon.colcon_core.package_identification:_identify(src) by extension 'ros'
[3.345s] Level 1:colcon.colcon_core.package_identification:_identify(src) by extensions ['cmake', 'python']
[3.345s] Level 1:colcon.colcon_core.package_identification:_identify(src) by extension 'cmake'
[3.345s] Level 1:colcon.colcon_core.package_identification:_identify(src) by extension 'python'
[3.345s] Level 1:colcon.colcon_core.package_identification:_identify(src) by extensions ['python_setup_py']
[3.345s] Level 1:colcon.colcon_core.package_identification:_identify(src) by extension 'python_setup_py'
[3.345s] Level 1:colcon.colcon_core.package_identification:_identify(src/f1tenth_gym_ros) by extensions ['ignore', 'ignore_ament_install']
[3.345s] Level 1:colcon.colcon_core.package_identification:_identify(src/f1tenth_gym_ros) by extension 'ignore'
[3.345s] Level 1:colcon.colcon_core.package_identification:_identify(src/f1tenth_gym_ros) by extension 'ignore_ament_install'
[3.346s] Level 1:colcon.colcon_core.package_identification:_identify(src/f1tenth_gym_ros) by extensions ['colcon_pkg']
[3.346s] Level 1:colcon.colcon_core.package_identification:_identify(src/f1tenth_gym_ros) by extension 'colcon_pkg'
[3.346s] Level 1:colcon.colcon_core.package_identification:_identify(src/f1tenth_gym_ros) by extensions ['colcon_meta']
[3.346s] Level 1:colcon.colcon_core.package_identification:_identify(src/f1tenth_gym_ros) by extension 'colcon_meta'
[3.346s] Level 1:colcon.colcon_core.package_identification:_identify(src/f1tenth_gym_ros) by extensions ['ros']
[3.346s] Level 1:colcon.colcon_core.package_identification:_identify(src/f1tenth_gym_ros) by extension 'ros'
[3.349s] DEBUG:colcon.colcon_core.package_identification:Package 'src/f1tenth_gym_ros' with type 'ros.ament_python' and name 'f1tenth_gym_ros'
[3.349s] Level 1:colcon.colcon_core.package_identification:_identify(src/log) by extensions ['ignore', 'ignore_ament_install']
[3.349s] Level 1:colcon.colcon_core.package_identification:_identify(src/log) by extension 'ignore'
[3.349s] Level 1:colcon.colcon_core.package_identification:_identify(src/log) ignored
[3.349s] Level 1:colcon.colcon_core.package_identification:_identify(src/safety_pkg) by extensions ['ignore', 'ignore_ament_install']
[3.349s] Level 1:colcon.colcon_core.package_identification:_identify(src/safety_pkg) by extension 'ignore'
[3.349s] Level 1:colcon.colcon_core.package_identification:_identify(src/safety_pkg) by extension 'ignore_ament_install'
[3.349s] Level 1:colcon.colcon_core.package_identification:_identify(src/safety_pkg) by extensions ['colcon_pkg']
[3.350s] Level 1:colcon.colcon_core.package_identification:_identify(src/safety_pkg) by extension 'colcon_pkg'
[3.350s] Level 1:colcon.colcon_core.package_identification:_identify(src/safety_pkg) by extensions ['colcon_meta']
[3.350s] Level 1:colcon.colcon_core.package_identification:_identify(src/safety_pkg) by extension 'colcon_meta'
[3.350s] Level 1:colcon.colcon_core.package_identification:_identify(src/safety_pkg) by extensions ['ros']
[3.350s] Level 1:colcon.colcon_core.package_identification:_identify(src/safety_pkg) by extension 'ros'
[3.350s] DEBUG:colcon.colcon_core.package_identification:Package 'src/safety_pkg' with type 'ros.ament_python' and name 'safety_pkg'
[3.350s] Level 1:colcon.colcon_core.package_discovery:discover_packages(recursive) using defaults
[3.350s] Level 1:colcon.colcon_core.package_discovery:discover_packages(ignore) discover
[3.350s] Level 1:colcon.colcon_core.package_discovery:discover_packages(ignore) using defaults
[3.350s] Level 1:colcon.colcon_core.package_discovery:discover_packages(path) discover
[3.350s] Level 1:colcon.colcon_core.package_discovery:discover_packages(path) using defaults
[3.647s] Level 1:colcon.colcon_core.package_discovery:discover_packages(prefix_path) check parameters
[3.647s] Level 1:colcon.colcon_core.package_discovery:discover_packages(prefix_path) discover
[3.752s] DEBUG:colcon.colcon_installed_package_information.package_discovery:Found 3 installed packages in /home/rilbasestation02/sim_ws/install
[3.803s] DEBUG:colcon.colcon_installed_package_information.package_discovery:Found 280 installed packages in /opt/ros/galactic
[3.805s] Level 1:colcon.colcon_core.package_discovery:discover_packages(prefix_path) using defaults
[4.011s] Level 5:colcon.colcon_core.verb:set package 'f1tenth_gym_ros' build argument 'cmake_args' from command line to 'None'
[4.011s] Level 5:colcon.colcon_core.verb:set package 'f1tenth_gym_ros' build argument 'cmake_target' from command line to 'None'
[4.011s] Level 5:colcon.colcon_core.verb:set package 'f1tenth_gym_ros' build argument 'cmake_target_skip_unavailable' from command line to 'False'
[4.011s] Level 5:colcon.colcon_core.verb:set package 'f1tenth_gym_ros' build argument 'cmake_clean_cache' from command line to 'False'
[4.011s] Level 5:colcon.colcon_core.verb:set package 'f1tenth_gym_ros' build argument 'cmake_clean_first' from command line to 'False'
[4.011s] Level 5:colcon.colcon_core.verb:set package 'f1tenth_gym_ros' build argument 'cmake_force_configure' from command line to 'False'
[4.011s] Level 5:colcon.colcon_core.verb:set package 'f1tenth_gym_ros' build argument 'ament_cmake_args' from command line to 'None'
[4.011s] Level 5:colcon.colcon_core.verb:set package 'f1tenth_gym_ros' build argument 'catkin_cmake_args' from command line to 'None'
[4.011s] Level 5:colcon.colcon_core.verb:set package 'f1tenth_gym_ros' build argument 'catkin_skip_building_tests' from command line to 'False'
[4.012s] DEBUG:colcon.colcon_core.verb:Building package 'f1tenth_gym_ros' with the following arguments: {'ament_cmake_args': None, 'build_base': '/home/rilbasestation02/sim_ws/build/f1tenth_gym_ros', 'catkin_cmake_args': None, 'catkin_skip_building_tests': False, 'cmake_args': None, 'cmake_clean_cache': False, 'cmake_clean_first': False, 'cmake_force_configure': False, 'cmake_target': None, 'cmake_target_skip_unavailable': False, 'install_base': '/home/rilbasestation02/sim_ws/install/f1tenth_gym_ros', 'merge_install': False, 'path': '/home/rilbasestation02/sim_ws/src/f1tenth_gym_ros', 'symlink_install': False, 'test_result_base': None}
[4.061s] Level 5:colcon.colcon_core.verb:set package 'safety_pkg' build argument 'cmake_args' from command line to 'None'
[4.061s] Level 5:colcon.colcon_core.verb:set package 'safety_pkg' build argument 'cmake_target' from command line to 'None'
[4.061s] Level 5:colcon.colcon_core.verb:set package 'safety_pkg' build argument 'cmake_target_skip_unavailable' from command line to 'False'
[4.062s] Level 5:colcon.colcon_core.verb:set package 'safety_pkg' build argument 'cmake_clean_cache' from command line to 'False'
[4.062s] Level 5:colcon.colcon_core.verb:set package 'safety_pkg' build argument 'cmake_clean_first' from command line to 'False'
[4.062s] Level 5:colcon.colcon_core.verb:set package 'safety_pkg' build argument 'cmake_force_configure' from command line to 'False'
[4.062s] Level 5:colcon.colcon_core.verb:set package 'safety_pkg' build argument 'ament_cmake_args' from command line to 'None'
[4.062s] Level 5:colcon.colcon_core.verb:set package 'safety_pkg' build argument 'catkin_cmake_args' from command line to 'None'
[4.062s] Level 5:colcon.colcon_core.verb:set package 'safety_pkg' build argument 'catkin_skip_building_tests' from command line to 'False'
[4.062s] DEBUG:colcon.colcon_core.verb:Building package 'safety_pkg' with the following arguments: {'ament_cmake_args': None, 'build_base': '/home/rilbasestation02/sim_ws/build/safety_pkg', 'catkin_cmake_args': None, 'catkin_skip_building_tests': False, 'cmake_args': None, 'cmake_clean_cache': False, 'cmake_clean_first': False, 'cmake_force_configure': False, 'cmake_target': None, 'cmake_target_skip_unavailable': False, 'install_base': '/home/rilbasestation02/sim_ws/install/safety_pkg', 'merge_install': False, 'path': '/home/rilbasestation02/sim_ws/src/safety_pkg', 'symlink_install': False, 'test_result_base': None}
[4.112s] INFO:colcon.colcon_core.executor:Executing jobs using 'parallel' executor
[4.164s] DEBUG:colcon.colcon_parallel_executor.executor.parallel:run_until_complete
[4.165s] INFO:colcon.colcon_ros.task.ament_python.build:Building ROS package in '/home/rilbasestation02/sim_ws/src/f1tenth_gym_ros' with build type 'ament_python'
[4.165s] Level 1:colcon.colcon_core.shell:create_environment_hook('f1tenth_gym_ros', 'ament_prefix_path')
[4.221s] INFO:colcon.colcon_core.plugin_system:Skipping extension 'colcon_core.shell.bat': Not used on non-Windows systems
[4.221s] INFO:colcon.colcon_core.shell:Creating environment hook '/home/rilbasestation02/sim_ws/install/f1tenth_gym_ros/share/f1tenth_gym_ros/hook/ament_prefix_path.ps1'
[4.222s] INFO:colcon.colcon_core.shell:Creating environment descriptor '/home/rilbasestation02/sim_ws/install/f1tenth_gym_ros/share/f1tenth_gym_ros/hook/ament_prefix_path.dsv'
[4.223s] INFO:colcon.colcon_core.shell:Creating environment hook '/home/rilbasestation02/sim_ws/install/f1tenth_gym_ros/share/f1tenth_gym_ros/hook/ament_prefix_path.sh'
[4.279s] INFO:colcon.colcon_core.shell:Skip shell extension 'powershell' for command environment: Not usable outside of PowerShell
[4.279s] DEBUG:colcon.colcon_core.shell:Skip shell extension 'dsv' for command environment
[4.443s] INFO:colcon.colcon_ros.task.ament_python.build:Building ROS package in '/home/rilbasestation02/sim_ws/src/safety_pkg' with build type 'ament_python'
[4.444s] Level 1:colcon.colcon_core.shell:create_environment_hook('safety_pkg', 'ament_prefix_path')
[4.507s] INFO:colcon.colcon_core.shell:Creating environment hook '/home/rilbasestation02/sim_ws/install/safety_pkg/share/safety_pkg/hook/ament_prefix_path.ps1'
[4.508s] INFO:colcon.colcon_core.shell:Creating environment descriptor '/home/rilbasestation02/sim_ws/install/safety_pkg/share/safety_pkg/hook/ament_prefix_path.dsv'
[4.508s] INFO:colcon.colcon_core.shell:Creating environment hook '/home/rilbasestation02/sim_ws/install/safety_pkg/share/safety_pkg/hook/ament_prefix_path.sh'
[4.563s] INFO:colcon.colcon_core.shell:Skip shell extension 'powershell' for command environment: Not usable outside of PowerShell
[4.563s] DEBUG:colcon.colcon_core.shell:Skip shell extension 'dsv' for command environment
[5.022s] INFO:colcon.colcon_core.task.python.build:Building Python package in '/home/rilbasestation02/sim_ws/src/f1tenth_gym_ros'
[5.079s] INFO:colcon.colcon_core.shell:Skip shell extension 'powershell' for command environment: Not usable outside of PowerShell
[5.079s] DEBUG:colcon.colcon_core.shell:Skip shell extension 'dsv' for command environment
[5.541s] INFO:colcon.colcon_core.task.python.build:Building Python package in '/home/rilbasestation02/sim_ws/src/safety_pkg'
[5.602s] INFO:colcon.colcon_core.shell:Skip shell extension 'powershell' for command environment: Not usable outside of PowerShell
[5.602s] DEBUG:colcon.colcon_core.shell:Skip shell extension 'dsv' for command environment
[6.280s] DEBUG:colcon.colcon_core.event_handler.log_command:Invoking command in '/home/rilbasestation02/sim_ws/src/safety_pkg': PYTHONPATH=/home/rilbasestation02/sim_ws/build/safety_pkg/prefix_override:/home/rilbasestation02/sim_ws/install/safety_pkg/lib/python3.8/site-packages:${PYTHONPATH} /usr/bin/python3 setup.py egg_info --egg-base ../../build/safety_pkg build --build-base /home/rilbasestation02/sim_ws/build/safety_pkg/build install --record /home/rilbasestation02/sim_ws/build/safety_pkg/install.log --single-version-externally-managed
[6.294s] DEBUG:colcon.colcon_core.event_handler.log_command:Invoking command in '/home/rilbasestation02/sim_ws/src/f1tenth_gym_ros': PYTHONPATH=/home/rilbasestation02/sim_ws/build/f1tenth_gym_ros/prefix_override:/home/rilbasestation02/sim_ws/install/f1tenth_gym_ros/lib/python3.8/site-packages:${PYTHONPATH} /usr/bin/python3 setup.py egg_info --egg-base ../../build/f1tenth_gym_ros build --build-base /home/rilbasestation02/sim_ws/build/f1tenth_gym_ros/build install --record /home/rilbasestation02/sim_ws/build/f1tenth_gym_ros/install.log --install-scripts $base/lib/f1tenth_gym_ros --single-version-externally-managed
[6.665s] DEBUG:colcon.colcon_core.event_handler.log_command:Invoked command in '/home/rilbasestation02/sim_ws/src/safety_pkg' returned '0': PYTHONPATH=/home/rilbasestation02/sim_ws/build/safety_pkg/prefix_override:/home/rilbasestation02/sim_ws/install/safety_pkg/lib/python3.8/site-packages:${PYTHONPATH} /usr/bin/python3 setup.py egg_info --egg-base ../../build/safety_pkg build --build-base /home/rilbasestation02/sim_ws/build/safety_pkg/build install --record /home/rilbasestation02/sim_ws/build/safety_pkg/install.log --single-version-externally-managed
[6.732s] Level 1:colcon.colcon_core.environment:checking '/home/rilbasestation02/sim_ws/install/safety_pkg' for CMake module files
[6.733s] Level 1:colcon.colcon_core.environment:checking '/home/rilbasestation02/sim_ws/install/safety_pkg' for CMake config files
[6.734s] Level 1:colcon.colcon_core.environment:checking '/home/rilbasestation02/sim_ws/install/safety_pkg/lib'
[6.734s] Level 1:colcon.colcon_core.environment:checking '/home/rilbasestation02/sim_ws/install/safety_pkg/bin'
[6.734s] Level 1:colcon.colcon_core.environment:checking '/home/rilbasestation02/sim_ws/install/safety_pkg/lib/pkgconfig/safety_pkg.pc'
[6.734s] Level 1:colcon.colcon_core.environment:checking '/home/rilbasestation02/sim_ws/install/safety_pkg/lib/python3.8/site-packages'
[6.735s] Level 1:colcon.colcon_core.shell:create_environment_hook('safety_pkg', 'pythonpath')
[6.790s] INFO:colcon.colcon_core.shell:Creating environment hook '/home/rilbasestation02/sim_ws/install/safety_pkg/share/safety_pkg/hook/pythonpath.ps1'
[6.791s] INFO:colcon.colcon_core.shell:Creating environment descriptor '/home/rilbasestation02/sim_ws/install/safety_pkg/share/safety_pkg/hook/pythonpath.dsv'
[6.792s] INFO:colcon.colcon_core.shell:Creating environment hook '/home/rilbasestation02/sim_ws/install/safety_pkg/share/safety_pkg/hook/pythonpath.sh'
[6.793s] Level 1:colcon.colcon_core.environment:checking '/home/rilbasestation02/sim_ws/install/safety_pkg/bin'
[6.793s] Level 1:colcon.colcon_core.environment:create_environment_scripts_only(safety_pkg)
[6.850s] INFO:colcon.colcon_core.shell:Creating package script '/home/rilbasestation02/sim_ws/install/safety_pkg/share/safety_pkg/package.ps1'
[6.851s] INFO:colcon.colcon_core.shell:Creating package descriptor '/home/rilbasestation02/sim_ws/install/safety_pkg/share/safety_pkg/package.dsv'
[6.851s] INFO:colcon.colcon_core.shell:Creating package script '/home/rilbasestation02/sim_ws/install/safety_pkg/share/safety_pkg/package.sh'
[6.852s] INFO:colcon.colcon_core.shell:Creating package script '/home/rilbasestation02/sim_ws/install/safety_pkg/share/safety_pkg/package.bash'
[6.853s] INFO:colcon.colcon_core.shell:Creating package script '/home/rilbasestation02/sim_ws/install/safety_pkg/share/safety_pkg/package.zsh'
[6.854s] Level 1:colcon.colcon_core.environment:create_file_with_runtime_dependencies(/home/rilbasestation02/sim_ws/install/safety_pkg/share/colcon-core/packages/safety_pkg)
[6.856s] DEBUG:colcon.colcon_core.event_handler.log_command:Invoked command in '/home/rilbasestation02/sim_ws/src/f1tenth_gym_ros' returned '0': PYTHONPATH=/home/rilbasestation02/sim_ws/build/f1tenth_gym_ros/prefix_override:/home/rilbasestation02/sim_ws/install/f1tenth_gym_ros/lib/python3.8/site-packages:${PYTHONPATH} /usr/bin/python3 setup.py egg_info --egg-base ../../build/f1tenth_gym_ros build --build-base /home/rilbasestation02/sim_ws/build/f1tenth_gym_ros/build install --record /home/rilbasestation02/sim_ws/build/f1tenth_gym_ros/install.log --install-scripts $base/lib/f1tenth_gym_ros --single-version-externally-managed
[6.941s] Level 1:colcon.colcon_core.environment:checking '/home/rilbasestation02/sim_ws/install/f1tenth_gym_ros' for CMake module files
[6.942s] Level 1:colcon.colcon_core.environment:checking '/home/rilbasestation02/sim_ws/install/f1tenth_gym_ros' for CMake config files
[6.943s] Level 1:colcon.colcon_core.environment:checking '/home/rilbasestation02/sim_ws/install/f1tenth_gym_ros/lib'
[6.944s] Level 1:colcon.colcon_core.environment:checking '/home/rilbasestation02/sim_ws/install/f1tenth_gym_ros/bin'
[6.944s] Level 1:colcon.colcon_core.environment:checking '/home/rilbasestation02/sim_ws/install/f1tenth_gym_ros/lib/pkgconfig/f1tenth_gym_ros.pc'
[6.944s] Level 1:colcon.colcon_core.environment:checking '/home/rilbasestation02/sim_ws/install/f1tenth_gym_ros/lib/python3.8/site-packages'
[6.944s] Level 1:colcon.colcon_core.shell:create_environment_hook('f1tenth_gym_ros', 'pythonpath')
[7.014s] INFO:colcon.colcon_core.shell:Creating environment hook '/home/rilbasestation02/sim_ws/install/f1tenth_gym_ros/share/f1tenth_gym_ros/hook/pythonpath.ps1'
[7.015s] INFO:colcon.colcon_core.shell:Creating environment descriptor '/home/rilbasestation02/sim_ws/install/f1tenth_gym_ros/share/f1tenth_gym_ros/hook/pythonpath.dsv'
[7.015s] INFO:colcon.colcon_core.shell:Creating environment hook '/home/rilbasestation02/sim_ws/install/f1tenth_gym_ros/share/f1tenth_gym_ros/hook/pythonpath.sh'
[7.016s] Level 1:colcon.colcon_core.environment:checking '/home/rilbasestation02/sim_ws/install/f1tenth_gym_ros/bin'
[7.016s] Level 1:colcon.colcon_core.environment:create_environment_scripts_only(f1tenth_gym_ros)
[7.083s] INFO:colcon.colcon_core.shell:Creating package script '/home/rilbasestation02/sim_ws/install/f1tenth_gym_ros/share/f1tenth_gym_ros/package.ps1'
[7.084s] INFO:colcon.colcon_core.shell:Creating package descriptor '/home/rilbasestation02/sim_ws/install/f1tenth_gym_ros/share/f1tenth_gym_ros/package.dsv'
[7.084s] INFO:colcon.colcon_core.shell:Creating package script '/home/rilbasestation02/sim_ws/install/f1tenth_gym_ros/share/f1tenth_gym_ros/package.sh'
[7.085s] INFO:colcon.colcon_core.shell:Creating package script '/home/rilbasestation02/sim_ws/install/f1tenth_gym_ros/share/f1tenth_gym_ros/package.bash'
[7.086s] INFO:colcon.colcon_core.shell:Creating package script '/home/rilbasestation02/sim_ws/install/f1tenth_gym_ros/share/f1tenth_gym_ros/package.zsh'
[7.087s] Level 1:colcon.colcon_core.environment:create_file_with_runtime_dependencies(/home/rilbasestation02/sim_ws/install/f1tenth_gym_ros/share/colcon-core/packages/f1tenth_gym_ros)
[7.087s] DEBUG:colcon.colcon_parallel_executor.executor.parallel:closing loop
[7.088s] DEBUG:colcon.colcon_parallel_executor.executor.parallel:loop closed
[7.088s] DEBUG:colcon.colcon_parallel_executor.executor.parallel:run_until_complete finished with '0'
[7.088s] DEBUG:colcon.colcon_core.event_reactor:joining thread
[7.151s] INFO:colcon.colcon_core.plugin_system:Skipping extension 'colcon_notification.desktop_notification.terminal_notifier': Not used on non-Darwin systems
[7.151s] INFO:colcon.colcon_core.plugin_system:Skipping extension 'colcon_notification.desktop_notification.win32': Not used on non-Windows systems
[7.151s] INFO:colcon.colcon_notification.desktop_notification:Sending desktop notification using 'notify2'
[7.170s] DEBUG:colcon.colcon_core.event_reactor:joined thread
[7.229s] INFO:colcon.colcon_core.shell:Creating prefix script '/home/rilbasestation02/sim_ws/install/local_setup.ps1'
[7.230s] INFO:colcon.colcon_core.shell:Creating prefix util module '/home/rilbasestation02/sim_ws/install/_local_setup_util_ps1.py'
[7.232s] INFO:colcon.colcon_core.shell:Creating prefix chain script '/home/rilbasestation02/sim_ws/install/setup.ps1'
[7.289s] INFO:colcon.colcon_core.shell:Creating prefix script '/home/rilbasestation02/sim_ws/install/local_setup.sh'
[7.290s] INFO:colcon.colcon_core.shell:Creating prefix util module '/home/rilbasestation02/sim_ws/install/_local_setup_util_sh.py'
[7.291s] INFO:colcon.colcon_core.shell:Creating prefix chain script '/home/rilbasestation02/sim_ws/install/setup.sh'
[7.343s] INFO:colcon.colcon_core.shell:Creating prefix script '/home/rilbasestation02/sim_ws/install/local_setup.bash'
[7.344s] INFO:colcon.colcon_core.shell:Creating prefix chain script '/home/rilbasestation02/sim_ws/install/setup.bash'
[7.396s] INFO:colcon.colcon_core.shell:Creating prefix script '/home/rilbasestation02/sim_ws/install/local_setup.zsh'
[7.397s] INFO:colcon.colcon_core.shell:Creating prefix chain script '/home/rilbasestation02/sim_ws/install/setup.zsh'
