[1.978s] Invoking command in '/home/rilbasestation02/sim_ws/src/safety_pkg': PYTHONPATH=/home/rilbasestation02/sim_ws/build/safety_pkg/prefix_override:/home/rilbasestation02/sim_ws/install/safety_pkg/lib/python3.8/site-packages:${PYTHONPATH} /usr/bin/python3 setup.py egg_info --egg-base ../../build/safety_pkg build --build-base /home/rilbasestation02/sim_ws/build/safety_pkg/build install --record /home/rilbasestation02/sim_ws/build/safety_pkg/install.log --single-version-externally-managed
[2.323s] running egg_info
[2.324s] writing ../../build/safety_pkg/safety_pkg.egg-info/PKG-INFO
[2.324s] writing dependency_links to ../../build/safety_pkg/safety_pkg.egg-info/dependency_links.txt
[2.324s] writing entry points to ../../build/safety_pkg/safety_pkg.egg-info/entry_points.txt
[2.325s] writing requirements to ../../build/safety_pkg/safety_pkg.egg-info/requires.txt
[2.325s] writing top-level names to ../../build/safety_pkg/safety_pkg.egg-info/top_level.txt
[2.382s] reading manifest file '../../build/safety_pkg/safety_pkg.egg-info/SOURCES.txt'
[2.383s] writing manifest file '../../build/safety_pkg/safety_pkg.egg-info/SOURCES.txt'
[2.384s] running build
[2.384s] running build_py
[2.384s] copying safety_pkg/safety.py -> /home/rilbasestation02/sim_ws/build/safety_pkg/build/lib/safety_pkg
[2.384s] running install
[2.385s] running install_lib
[2.386s] copying /home/rilbasestation02/sim_ws/build/safety_pkg/build/lib/safety_pkg/safety.py -> /home/rilbasestation02/sim_ws/install/safety_pkg/lib/python3.8/site-packages/safety_pkg
[2.387s] byte-compiling /home/rilbasestation02/sim_ws/install/safety_pkg/lib/python3.8/site-packages/safety_pkg/safety.py to safety.cpython-38.pyc
[2.389s] running install_data
[2.390s] running install_egg_info
[2.392s] removing '/home/rilbasestation02/sim_ws/install/safety_pkg/lib/python3.8/site-packages/safety_pkg-0.0.0-py3.8.egg-info' (and everything under it)
[2.393s] Copying ../../build/safety_pkg/safety_pkg.egg-info to /home/rilbasestation02/sim_ws/install/safety_pkg/lib/python3.8/site-packages/safety_pkg-0.0.0-py3.8.egg-info
[2.394s] running install_scripts
[2.414s] Installing safety script to /home/rilbasestation02/sim_ws/install/safety_pkg/lib/safety_pkg
[2.414s] writing list of installed files to '/home/rilbasestation02/sim_ws/build/safety_pkg/install.log'
[2.440s] Invoked command in '/home/rilbasestation02/sim_ws/src/safety_pkg' returned '0': PYTHONPATH=/home/rilbasestation02/sim_ws/build/safety_pkg/prefix_override:/home/rilbasestation02/sim_ws/install/safety_pkg/lib/python3.8/site-packages:${PYTHONPATH} /usr/bin/python3 setup.py egg_info --egg-base ../../build/safety_pkg build --build-base /home/rilbasestation02/sim_ws/build/safety_pkg/build install --record /home/rilbasestation02/sim_ws/build/safety_pkg/install.log --single-version-externally-managed
