[1.996s] Invoking command in '/home/rilbasestation02/sim_ws/src/f1tenth_gym_ros': PYTHONPATH=/home/rilbasestation02/sim_ws/src/build/f1tenth_gym_ros/prefix_override:/home/rilbasestation02/sim_ws/src/install/f1tenth_gym_ros/lib/python3.8/site-packages:${PYTHONPATH} /usr/bin/python3 setup.py egg_info --egg-base ../build/f1tenth_gym_ros build --build-base /home/rilbasestation02/sim_ws/src/build/f1tenth_gym_ros/build install --record /home/rilbasestation02/sim_ws/src/build/f1tenth_gym_ros/install.log --install-scripts $base/lib/f1tenth_gym_ros --single-version-externally-managed
[2.295s] running egg_info
[2.295s] creating ../build/f1tenth_gym_ros/f1tenth_gym_ros.egg-info
[2.296s] writing ../build/f1tenth_gym_ros/f1tenth_gym_ros.egg-info/PKG-INFO
[2.296s] writing dependency_links to ../build/f1tenth_gym_ros/f1tenth_gym_ros.egg-info/dependency_links.txt
[2.296s] writing entry points to ../build/f1tenth_gym_ros/f1tenth_gym_ros.egg-info/entry_points.txt
[2.297s] writing requirements to ../build/f1tenth_gym_ros/f1tenth_gym_ros.egg-info/requires.txt
[2.297s] writing top-level names to ../build/f1tenth_gym_ros/f1tenth_gym_ros.egg-info/top_level.txt
[2.299s] writing manifest file '../build/f1tenth_gym_ros/f1tenth_gym_ros.egg-info/SOURCES.txt'
[2.342s] reading manifest file '../build/f1tenth_gym_ros/f1tenth_gym_ros.egg-info/SOURCES.txt'
[2.343s] writing manifest file '../build/f1tenth_gym_ros/f1tenth_gym_ros.egg-info/SOURCES.txt'
[2.343s] running build
[2.344s] running build_py
[2.344s] creating /home/rilbasestation02/sim_ws/src/build/f1tenth_gym_ros/build
[2.344s] creating /home/rilbasestation02/sim_ws/src/build/f1tenth_gym_ros/build/lib
[2.344s] creating /home/rilbasestation02/sim_ws/src/build/f1tenth_gym_ros/build/lib/f1tenth_gym_ros
[2.344s] copying f1tenth_gym_ros/gym_bridge.py -> /home/rilbasestation02/sim_ws/src/build/f1tenth_gym_ros/build/lib/f1tenth_gym_ros
[2.344s] copying f1tenth_gym_ros/__init__.py -> /home/rilbasestation02/sim_ws/src/build/f1tenth_gym_ros/build/lib/f1tenth_gym_ros
[2.344s] running install
[2.345s] running install_lib
[2.346s] creating /home/rilbasestation02/sim_ws/src/install/f1tenth_gym_ros/lib/python3.8/site-packages/f1tenth_gym_ros
[2.346s] copying /home/rilbasestation02/sim_ws/src/build/f1tenth_gym_ros/build/lib/f1tenth_gym_ros/gym_bridge.py -> /home/rilbasestation02/sim_ws/src/install/f1tenth_gym_ros/lib/python3.8/site-packages/f1tenth_gym_ros
[2.347s] copying /home/rilbasestation02/sim_ws/src/build/f1tenth_gym_ros/build/lib/f1tenth_gym_ros/__init__.py -> /home/rilbasestation02/sim_ws/src/install/f1tenth_gym_ros/lib/python3.8/site-packages/f1tenth_gym_ros
[2.347s] byte-compiling /home/rilbasestation02/sim_ws/src/install/f1tenth_gym_ros/lib/python3.8/site-packages/f1tenth_gym_ros/gym_bridge.py to gym_bridge.cpython-38.pyc
[2.353s] byte-compiling /home/rilbasestation02/sim_ws/src/install/f1tenth_gym_ros/lib/python3.8/site-packages/f1tenth_gym_ros/__init__.py to __init__.cpython-38.pyc
[2.353s] running install_data
[2.354s] creating /home/rilbasestation02/sim_ws/src/install/f1tenth_gym_ros/share/ament_index
[2.355s] creating /home/rilbasestation02/sim_ws/src/install/f1tenth_gym_ros/share/ament_index/resource_index
[2.355s] creating /home/rilbasestation02/sim_ws/src/install/f1tenth_gym_ros/share/ament_index/resource_index/packages
[2.355s] copying resource/f1tenth_gym_ros -> /home/rilbasestation02/sim_ws/src/install/f1tenth_gym_ros/share/ament_index/resource_index/packages
[2.356s] copying package.xml -> /home/rilbasestation02/sim_ws/src/install/f1tenth_gym_ros/share/f1tenth_gym_ros
[2.356s] creating /home/rilbasestation02/sim_ws/src/install/f1tenth_gym_ros/share/f1tenth_gym_ros/launch
[2.356s] copying launch/gym_bridge_launch.py -> /home/rilbasestation02/sim_ws/src/install/f1tenth_gym_ros/share/f1tenth_gym_ros/launch
[2.357s] copying launch/ego_racecar.xacro -> /home/rilbasestation02/sim_ws/src/install/f1tenth_gym_ros/share/f1tenth_gym_ros/launch
[2.357s] copying launch/opp_racecar.xacro -> /home/rilbasestation02/sim_ws/src/install/f1tenth_gym_ros/share/f1tenth_gym_ros/launch
[2.357s] copying launch/gym_bridge.rviz -> /home/rilbasestation02/sim_ws/src/install/f1tenth_gym_ros/share/f1tenth_gym_ros/launch
[2.357s] creating /home/rilbasestation02/sim_ws/src/install/f1tenth_gym_ros/share/f1tenth_gym_ros/config
[2.357s] copying config/sim.yaml -> /home/rilbasestation02/sim_ws/src/install/f1tenth_gym_ros/share/f1tenth_gym_ros/config
[2.357s] running install_egg_info
[2.358s] Copying ../build/f1tenth_gym_ros/f1tenth_gym_ros.egg-info to /home/rilbasestation02/sim_ws/src/install/f1tenth_gym_ros/lib/python3.8/site-packages/f1tenth_gym_ros-0.0.0-py3.8.egg-info
[2.360s] running install_scripts
[2.380s] Installing gym_bridge script to /home/rilbasestation02/sim_ws/src/install/f1tenth_gym_ros/lib/f1tenth_gym_ros
[2.381s] writing list of installed files to '/home/rilbasestation02/sim_ws/src/build/f1tenth_gym_ros/install.log'
[2.409s] Invoked command in '/home/rilbasestation02/sim_ws/src/f1tenth_gym_ros' returned '0': PYTHONPATH=/home/rilbasestation02/sim_ws/src/build/f1tenth_gym_ros/prefix_override:/home/rilbasestation02/sim_ws/src/install/f1tenth_gym_ros/lib/python3.8/site-packages:${PYTHONPATH} /usr/bin/python3 setup.py egg_info --egg-base ../build/f1tenth_gym_ros build --build-base /home/rilbasestation02/sim_ws/src/build/f1tenth_gym_ros/build install --record /home/rilbasestation02/sim_ws/src/build/f1tenth_gym_ros/install.log --install-scripts $base/lib/f1tenth_gym_ros --single-version-externally-managed
