running egg_info
creating ../build/safety_pkg/safety_pkg.egg-info
writing ../build/safety_pkg/safety_pkg.egg-info/PKG-INFO
writing dependency_links to ../build/safety_pkg/safety_pkg.egg-info/dependency_links.txt
writing entry points to ../build/safety_pkg/safety_pkg.egg-info/entry_points.txt
writing requirements to ../build/safety_pkg/safety_pkg.egg-info/requires.txt
writing top-level names to ../build/safety_pkg/safety_pkg.egg-info/top_level.txt
writing manifest file '../build/safety_pkg/safety_pkg.egg-info/SOURCES.txt'
reading manifest file '../build/safety_pkg/safety_pkg.egg-info/SOURCES.txt'
writing manifest file '../build/safety_pkg/safety_pkg.egg-info/SOURCES.txt'
running build
running build_py
creating /home/rilbasestation02/sim_ws/src/build/safety_pkg/build
creating /home/rilbasestation02/sim_ws/src/build/safety_pkg/build/lib
creating /home/rilbasestation02/sim_ws/src/build/safety_pkg/build/lib/safety_pkg
copying safety_pkg/safety.py -> /home/rilbasestation02/sim_ws/src/build/safety_pkg/build/lib/safety_pkg
copying safety_pkg/__init__.py -> /home/rilbasestation02/sim_ws/src/build/safety_pkg/build/lib/safety_pkg
running install
running install_lib
creating /home/rilbasestation02/sim_ws/src/install/safety_pkg/lib/python3.8/site-packages/safety_pkg
copying /home/rilbasestation02/sim_ws/src/build/safety_pkg/build/lib/safety_pkg/safety.py -> /home/rilbasestation02/sim_ws/src/install/safety_pkg/lib/python3.8/site-packages/safety_pkg
copying /home/rilbasestation02/sim_ws/src/build/safety_pkg/build/lib/safety_pkg/__init__.py -> /home/rilbasestation02/sim_ws/src/install/safety_pkg/lib/python3.8/site-packages/safety_pkg
byte-compiling /home/rilbasestation02/sim_ws/src/install/safety_pkg/lib/python3.8/site-packages/safety_pkg/safety.py to safety.cpython-38.pyc
byte-compiling /home/rilbasestation02/sim_ws/src/install/safety_pkg/lib/python3.8/site-packages/safety_pkg/__init__.py to __init__.cpython-38.pyc
running install_data
creating /home/rilbasestation02/sim_ws/src/install/safety_pkg/share/ament_index
creating /home/rilbasestation02/sim_ws/src/install/safety_pkg/share/ament_index/resource_index
creating /home/rilbasestation02/sim_ws/src/install/safety_pkg/share/ament_index/resource_index/packages
copying resource/safety_pkg -> /home/rilbasestation02/sim_ws/src/install/safety_pkg/share/ament_index/resource_index/packages
copying package.xml -> /home/rilbasestation02/sim_ws/src/install/safety_pkg/share/safety_pkg
running install_egg_info
Copying ../build/safety_pkg/safety_pkg.egg-info to /home/rilbasestation02/sim_ws/src/install/safety_pkg/lib/python3.8/site-packages/safety_pkg-0.0.0-py3.8.egg-info
running install_scripts
writing list of installed files to '/home/rilbasestation02/sim_ws/src/build/safety_pkg/install.log'
