[1.765s] Invoking command in '/home/rilbasestation02/sim_ws/src/safety_pkg': PYTHONPATH=/home/rilbasestation02/sim_ws/src/build/safety_pkg/prefix_override:/home/rilbasestation02/sim_ws/src/install/safety_pkg/lib/python3.8/site-packages:${PYTHONPATH} /usr/bin/python3 setup.py egg_info --egg-base ../build/safety_pkg build --build-base /home/rilbasestation02/sim_ws/src/build/safety_pkg/build install --record /home/rilbasestation02/sim_ws/src/build/safety_pkg/install.log --single-version-externally-managed
[2.065s] running egg_info
[2.066s] creating ../build/safety_pkg/safety_pkg.egg-info
[2.066s] writing ../build/safety_pkg/safety_pkg.egg-info/PKG-INFO
[2.066s] writing dependency_links to ../build/safety_pkg/safety_pkg.egg-info/dependency_links.txt
[2.067s] writing entry points to ../build/safety_pkg/safety_pkg.egg-info/entry_points.txt
[2.067s] writing requirements to ../build/safety_pkg/safety_pkg.egg-info/requires.txt
[2.067s] writing top-level names to ../build/safety_pkg/safety_pkg.egg-info/top_level.txt
[2.068s] writing manifest file '../build/safety_pkg/safety_pkg.egg-info/SOURCES.txt'
[2.112s] reading manifest file '../build/safety_pkg/safety_pkg.egg-info/SOURCES.txt'
[2.114s] writing manifest file '../build/safety_pkg/safety_pkg.egg-info/SOURCES.txt'
[2.114s] running build
[2.114s] running build_py
[2.114s] creating /home/rilbasestation02/sim_ws/src/build/safety_pkg/build
[2.115s] creating /home/rilbasestation02/sim_ws/src/build/safety_pkg/build/lib
[2.115s] creating /home/rilbasestation02/sim_ws/src/build/safety_pkg/build/lib/safety_pkg
[2.115s] copying safety_pkg/safety.py -> /home/rilbasestation02/sim_ws/src/build/safety_pkg/build/lib/safety_pkg
[2.115s] copying safety_pkg/__init__.py -> /home/rilbasestation02/sim_ws/src/build/safety_pkg/build/lib/safety_pkg
[2.115s] running install
[2.116s] running install_lib
[2.117s] creating /home/rilbasestation02/sim_ws/src/install/safety_pkg/lib/python3.8/site-packages/safety_pkg
[2.117s] copying /home/rilbasestation02/sim_ws/src/build/safety_pkg/build/lib/safety_pkg/safety.py -> /home/rilbasestation02/sim_ws/src/install/safety_pkg/lib/python3.8/site-packages/safety_pkg
[2.117s] copying /home/rilbasestation02/sim_ws/src/build/safety_pkg/build/lib/safety_pkg/__init__.py -> /home/rilbasestation02/sim_ws/src/install/safety_pkg/lib/python3.8/site-packages/safety_pkg
[2.118s] byte-compiling /home/rilbasestation02/sim_ws/src/install/safety_pkg/lib/python3.8/site-packages/safety_pkg/safety.py to safety.cpython-38.pyc
[2.120s] byte-compiling /home/rilbasestation02/sim_ws/src/install/safety_pkg/lib/python3.8/site-packages/safety_pkg/__init__.py to __init__.cpython-38.pyc
[2.121s] running install_data
[2.122s] creating /home/rilbasestation02/sim_ws/src/install/safety_pkg/share/ament_index
[2.122s] creating /home/rilbasestation02/sim_ws/src/install/safety_pkg/share/ament_index/resource_index
[2.122s] creating /home/rilbasestation02/sim_ws/src/install/safety_pkg/share/ament_index/resource_index/packages
[2.122s] copying resource/safety_pkg -> /home/rilbasestation02/sim_ws/src/install/safety_pkg/share/ament_index/resource_index/packages
[2.122s] copying package.xml -> /home/rilbasestation02/sim_ws/src/install/safety_pkg/share/safety_pkg
[2.123s] running install_egg_info
[2.124s] Copying ../build/safety_pkg/safety_pkg.egg-info to /home/rilbasestation02/sim_ws/src/install/safety_pkg/lib/python3.8/site-packages/safety_pkg-0.0.0-py3.8.egg-info
[2.125s] running install_scripts
[2.145s] writing list of installed files to '/home/rilbasestation02/sim_ws/src/build/safety_pkg/install.log'
[2.355s] Invoked command in '/home/rilbasestation02/sim_ws/src/safety_pkg' returned '0': PYTHONPATH=/home/rilbasestation02/sim_ws/src/build/safety_pkg/prefix_override:/home/rilbasestation02/sim_ws/src/install/safety_pkg/lib/python3.8/site-packages:${PYTHONPATH} /usr/bin/python3 setup.py egg_info --egg-base ../build/safety_pkg build --build-base /home/rilbasestation02/sim_ws/src/build/safety_pkg/build install --record /home/rilbasestation02/sim_ws/src/build/safety_pkg/install.log --single-version-externally-managed
