[1.586s] Invoking command in '/home/rilbasestation02/sim_ws/src/lab1': PYTHONPATH=/home/rilbasestation02/sim_ws/build/lab1/prefix_override:/home/rilbasestation02/sim_ws/install/lab1/lib/python3.8/site-packages:${PYTHONPATH} /usr/bin/python3 setup.py egg_info --egg-base ../../build/lab1 build --build-base /home/rilbasestation02/sim_ws/build/lab1/build install --record /home/rilbasestation02/sim_ws/build/lab1/install.log --single-version-externally-managed
[1.854s] running egg_info
[1.855s] creating ../../build/lab1/lab1.egg-info
[1.855s] writing ../../build/lab1/lab1.egg-info/PKG-INFO
[1.856s] writing dependency_links to ../../build/lab1/lab1.egg-info/dependency_links.txt
[1.856s] writing entry points to ../../build/lab1/lab1.egg-info/entry_points.txt
[1.856s] writing requirements to ../../build/lab1/lab1.egg-info/requires.txt
[1.856s] writing top-level names to ../../build/lab1/lab1.egg-info/top_level.txt
[1.866s] writing manifest file '../../build/lab1/lab1.egg-info/SOURCES.txt'
[1.901s] reading manifest file '../../build/lab1/lab1.egg-info/SOURCES.txt'
[1.902s] writing manifest file '../../build/lab1/lab1.egg-info/SOURCES.txt'
[1.902s] running build
[1.903s] running build_py
[1.903s] creating /home/rilbasestation02/sim_ws/build/lab1/build
[1.903s] creating /home/rilbasestation02/sim_ws/build/lab1/build/lib
[1.903s] creating /home/rilbasestation02/sim_ws/build/lab1/build/lib/lab1
[1.903s] copying lab1/__init__.py -> /home/rilbasestation02/sim_ws/build/lab1/build/lib/lab1
[1.903s] running install
[1.903s] running install_lib
[1.904s] creating /home/rilbasestation02/sim_ws/install/lab1/lib/python3.8/site-packages/lab1
[1.905s] copying /home/rilbasestation02/sim_ws/build/lab1/build/lib/lab1/__init__.py -> /home/rilbasestation02/sim_ws/install/lab1/lib/python3.8/site-packages/lab1
[1.905s] byte-compiling /home/rilbasestation02/sim_ws/install/lab1/lib/python3.8/site-packages/lab1/__init__.py to __init__.cpython-38.pyc
[1.907s] running install_data
[1.907s] creating /home/rilbasestation02/sim_ws/install/lab1/share/ament_index
[1.908s] creating /home/rilbasestation02/sim_ws/install/lab1/share/ament_index/resource_index
[1.908s] creating /home/rilbasestation02/sim_ws/install/lab1/share/ament_index/resource_index/packages
[1.908s] copying resource/lab1 -> /home/rilbasestation02/sim_ws/install/lab1/share/ament_index/resource_index/packages
[1.908s] copying package.xml -> /home/rilbasestation02/sim_ws/install/lab1/share/lab1
[1.908s] running install_egg_info
[1.910s] Copying ../../build/lab1/lab1.egg-info to /home/rilbasestation02/sim_ws/install/lab1/lib/python3.8/site-packages/lab1-0.0.0-py3.8.egg-info
[1.911s] running install_scripts
[1.932s] writing list of installed files to '/home/rilbasestation02/sim_ws/build/lab1/install.log'
[1.954s] Invoked command in '/home/rilbasestation02/sim_ws/src/lab1' returned '0': PYTHONPATH=/home/rilbasestation02/sim_ws/build/lab1/prefix_override:/home/rilbasestation02/sim_ws/install/lab1/lib/python3.8/site-packages:${PYTHONPATH} /usr/bin/python3 setup.py egg_info --egg-base ../../build/lab1 build --build-base /home/rilbasestation02/sim_ws/build/lab1/build install --record /home/rilbasestation02/sim_ws/build/lab1/install.log --single-version-externally-managed
