[1.974s] Invoking command in '/home/rilbasestation02/sim_ws/src/safety_pkg': PYTHONPATH=/home/rilbasestation02/sim_ws/build/safety_pkg/prefix_override:/home/rilbasestation02/sim_ws/install/safety_pkg/lib/python3.8/site-packages:${PYTHONPATH} /usr/bin/python3 setup.py egg_info --egg-base ../../build/safety_pkg build --build-base /home/rilbasestation02/sim_ws/build/safety_pkg/build install --record /home/rilbasestation02/sim_ws/build/safety_pkg/install.log --single-version-externally-managed
[2.260s] running egg_info
[2.261s] writing ../../build/safety_pkg/safety_pkg.egg-info/PKG-INFO
[2.261s] writing dependency_links to ../../build/safety_pkg/safety_pkg.egg-info/dependency_links.txt
[2.261s] writing entry points to ../../build/safety_pkg/safety_pkg.egg-info/entry_points.txt
[2.261s] writing requirements to ../../build/safety_pkg/safety_pkg.egg-info/requires.txt
[2.262s] writing top-level names to ../../build/safety_pkg/safety_pkg.egg-info/top_level.txt
[2.303s] reading manifest file '../../build/safety_pkg/safety_pkg.egg-info/SOURCES.txt'
[2.304s] writing manifest file '../../build/safety_pkg/safety_pkg.egg-info/SOURCES.txt'
[2.304s] running build
[2.304s] running build_py
[2.304s] copying safety_pkg/safety.py -> /home/rilbasestation02/sim_ws/build/safety_pkg/build/lib/safety_pkg
[2.304s] running install
[2.305s] running install_lib
[2.307s] copying /home/rilbasestation02/sim_ws/build/safety_pkg/build/lib/safety_pkg/safety.py -> /home/rilbasestation02/sim_ws/install/safety_pkg/lib/python3.8/site-packages/safety_pkg
[2.307s] byte-compiling /home/rilbasestation02/sim_ws/install/safety_pkg/lib/python3.8/site-packages/safety_pkg/safety.py to safety.cpython-38.pyc
[2.309s] running install_data
[2.310s] running install_egg_info
[2.312s] removing '/home/rilbasestation02/sim_ws/install/safety_pkg/lib/python3.8/site-packages/safety_pkg-0.0.0-py3.8.egg-info' (and everything under it)
[2.312s] Copying ../../build/safety_pkg/safety_pkg.egg-info to /home/rilbasestation02/sim_ws/install/safety_pkg/lib/python3.8/site-packages/safety_pkg-0.0.0-py3.8.egg-info
[2.314s] running install_scripts
[2.337s] Installing safety script to /home/rilbasestation02/sim_ws/install/safety_pkg/lib/safety_pkg
[2.338s] writing list of installed files to '/home/rilbasestation02/sim_ws/build/safety_pkg/install.log'
[2.532s] Invoked command in '/home/rilbasestation02/sim_ws/src/safety_pkg' returned '0': PYTHONPATH=/home/rilbasestation02/sim_ws/build/safety_pkg/prefix_override:/home/rilbasestation02/sim_ws/install/safety_pkg/lib/python3.8/site-packages:${PYTHONPATH} /usr/bin/python3 setup.py egg_info --egg-base ../../build/safety_pkg build --build-base /home/rilbasestation02/sim_ws/build/safety_pkg/build install --record /home/rilbasestation02/sim_ws/build/safety_pkg/install.log --single-version-externally-managed
