running egg_info
creating ../../build/wall_follow/wall_follow.egg-info
writing ../../build/wall_follow/wall_follow.egg-info/PKG-INFO
writing dependency_links to ../../build/wall_follow/wall_follow.egg-info/dependency_links.txt
writing entry points to ../../build/wall_follow/wall_follow.egg-info/entry_points.txt
writing requirements to ../../build/wall_follow/wall_follow.egg-info/requires.txt
writing top-level names to ../../build/wall_follow/wall_follow.egg-info/top_level.txt
writing manifest file '../../build/wall_follow/wall_follow.egg-info/SOURCES.txt'
reading manifest file '../../build/wall_follow/wall_follow.egg-info/SOURCES.txt'
writing manifest file '../../build/wall_follow/wall_follow.egg-info/SOURCES.txt'
running build
running build_py
creating /home/rilbasestation02/sim_ws/build/wall_follow/build
creating /home/rilbasestation02/sim_ws/build/wall_follow/build/lib
creating /home/rilbasestation02/sim_ws/build/wall_follow/build/lib/wall_follow
copying wall_follow/__init__.py -> /home/rilbasestation02/sim_ws/build/wall_follow/build/lib/wall_follow
running install
running install_lib
creating /home/rilbasestation02/sim_ws/install/wall_follow/lib/python3.8/site-packages/wall_follow
copying /home/rilbasestation02/sim_ws/build/wall_follow/build/lib/wall_follow/__init__.py -> /home/rilbasestation02/sim_ws/install/wall_follow/lib/python3.8/site-packages/wall_follow
byte-compiling /home/rilbasestation02/sim_ws/install/wall_follow/lib/python3.8/site-packages/wall_follow/__init__.py to __init__.cpython-38.pyc
running install_data
creating /home/rilbasestation02/sim_ws/install/wall_follow/share/ament_index
creating /home/rilbasestation02/sim_ws/install/wall_follow/share/ament_index/resource_index
creating /home/rilbasestation02/sim_ws/install/wall_follow/share/ament_index/resource_index/packages
copying resource/wall_follow -> /home/rilbasestation02/sim_ws/install/wall_follow/share/ament_index/resource_index/packages
copying package.xml -> /home/rilbasestation02/sim_ws/install/wall_follow/share/wall_follow
running install_egg_info
Copying ../../build/wall_follow/wall_follow.egg-info to /home/rilbasestation02/sim_ws/install/wall_follow/lib/python3.8/site-packages/wall_follow-0.0.0-py3.8.egg-info
running install_scripts
writing list of installed files to '/home/rilbasestation02/sim_ws/build/wall_follow/install.log'
