[2.179s] Invoking command in '/home/rilbasestation02/sim_ws/src/wall_follow': PYTHONPATH=/home/rilbasestation02/sim_ws/build/wall_follow/prefix_override:/home/rilbasestation02/sim_ws/install/wall_follow/lib/python3.8/site-packages:${PYTHONPATH} /usr/bin/python3 setup.py egg_info --egg-base ../../build/wall_follow build --build-base /home/rilbasestation02/sim_ws/build/wall_follow/build install --record /home/rilbasestation02/sim_ws/build/wall_follow/install.log --single-version-externally-managed
[2.441s] running egg_info
[2.442s] creating ../../build/wall_follow/wall_follow.egg-info
[2.442s] writing ../../build/wall_follow/wall_follow.egg-info/PKG-INFO
[2.442s] writing dependency_links to ../../build/wall_follow/wall_follow.egg-info/dependency_links.txt
[2.443s] writing entry points to ../../build/wall_follow/wall_follow.egg-info/entry_points.txt
[2.443s] writing requirements to ../../build/wall_follow/wall_follow.egg-info/requires.txt
[2.443s] writing top-level names to ../../build/wall_follow/wall_follow.egg-info/top_level.txt
[2.444s] writing manifest file '../../build/wall_follow/wall_follow.egg-info/SOURCES.txt'
[2.480s] reading manifest file '../../build/wall_follow/wall_follow.egg-info/SOURCES.txt'
[2.482s] writing manifest file '../../build/wall_follow/wall_follow.egg-info/SOURCES.txt'
[2.482s] running build
[2.482s] running build_py
[2.482s] creating /home/rilbasestation02/sim_ws/build/wall_follow/build
[2.482s] creating /home/rilbasestation02/sim_ws/build/wall_follow/build/lib
[2.483s] creating /home/rilbasestation02/sim_ws/build/wall_follow/build/lib/wall_follow
[2.483s] copying wall_follow/__init__.py -> /home/rilbasestation02/sim_ws/build/wall_follow/build/lib/wall_follow
[2.483s] running install
[2.484s] running install_lib
[2.485s] creating /home/rilbasestation02/sim_ws/install/wall_follow/lib/python3.8/site-packages/wall_follow
[2.485s] copying /home/rilbasestation02/sim_ws/build/wall_follow/build/lib/wall_follow/__init__.py -> /home/rilbasestation02/sim_ws/install/wall_follow/lib/python3.8/site-packages/wall_follow
[2.486s] byte-compiling /home/rilbasestation02/sim_ws/install/wall_follow/lib/python3.8/site-packages/wall_follow/__init__.py to __init__.cpython-38.pyc
[2.488s] running install_data
[2.489s] creating /home/rilbasestation02/sim_ws/install/wall_follow/share/ament_index
[2.489s] creating /home/rilbasestation02/sim_ws/install/wall_follow/share/ament_index/resource_index
[2.489s] creating /home/rilbasestation02/sim_ws/install/wall_follow/share/ament_index/resource_index/packages
[2.490s] copying resource/wall_follow -> /home/rilbasestation02/sim_ws/install/wall_follow/share/ament_index/resource_index/packages
[2.490s] copying package.xml -> /home/rilbasestation02/sim_ws/install/wall_follow/share/wall_follow
[2.490s] running install_egg_info
[2.492s] Copying ../../build/wall_follow/wall_follow.egg-info to /home/rilbasestation02/sim_ws/install/wall_follow/lib/python3.8/site-packages/wall_follow-0.0.0-py3.8.egg-info
[2.493s] running install_scripts
[2.514s] writing list of installed files to '/home/rilbasestation02/sim_ws/build/wall_follow/install.log'
[2.871s] Invoked command in '/home/rilbasestation02/sim_ws/src/wall_follow' returned '0': PYTHONPATH=/home/rilbasestation02/sim_ws/build/wall_follow/prefix_override:/home/rilbasestation02/sim_ws/install/wall_follow/lib/python3.8/site-packages:${PYTHONPATH} /usr/bin/python3 setup.py egg_info --egg-base ../../build/wall_follow build --build-base /home/rilbasestation02/sim_ws/build/wall_follow/build install --record /home/rilbasestation02/sim_ws/build/wall_follow/install.log --single-version-externally-managed
