[1.731s] Invoking command in '/home/rilbasestation02/sim_ws/src/safety_pkg': PYTHONPATH=/home/rilbasestation02/sim_ws/build/safety_pkg/prefix_override:/home/rilbasestation02/sim_ws/install/safety_pkg/lib/python3.8/site-packages:${PYTHONPATH} /usr/bin/python3 setup.py egg_info --egg-base ../../build/safety_pkg build --build-base /home/rilbasestation02/sim_ws/build/safety_pkg/build install --record /home/rilbasestation02/sim_ws/build/safety_pkg/install.log --single-version-externally-managed
[2.032s] running egg_info
[2.033s] creating ../../build/safety_pkg/safety_pkg.egg-info
[2.033s] writing ../../build/safety_pkg/safety_pkg.egg-info/PKG-INFO
[2.033s] writing dependency_links to ../../build/safety_pkg/safety_pkg.egg-info/dependency_links.txt
[2.034s] writing entry points to ../../build/safety_pkg/safety_pkg.egg-info/entry_points.txt
[2.034s] writing requirements to ../../build/safety_pkg/safety_pkg.egg-info/requires.txt
[2.034s] writing top-level names to ../../build/safety_pkg/safety_pkg.egg-info/top_level.txt
[2.035s] writing manifest file '../../build/safety_pkg/safety_pkg.egg-info/SOURCES.txt'
[2.076s] reading manifest file '../../build/safety_pkg/safety_pkg.egg-info/SOURCES.txt'
[2.077s] writing manifest file '../../build/safety_pkg/safety_pkg.egg-info/SOURCES.txt'
[2.077s] running build
[2.077s] running build_py
[2.078s] creating /home/rilbasestation02/sim_ws/build/safety_pkg/build
[2.078s] creating /home/rilbasestation02/sim_ws/build/safety_pkg/build/lib
[2.078s] creating /home/rilbasestation02/sim_ws/build/safety_pkg/build/lib/safety_pkg
[2.078s] copying safety_pkg/safety.py -> /home/rilbasestation02/sim_ws/build/safety_pkg/build/lib/safety_pkg
[2.078s] copying safety_pkg/__init__.py -> /home/rilbasestation02/sim_ws/build/safety_pkg/build/lib/safety_pkg
[2.079s] running install
[2.079s] running install_lib
[2.081s] creating /home/rilbasestation02/sim_ws/install/safety_pkg/lib/python3.8/site-packages/safety_pkg
[2.081s] copying /home/rilbasestation02/sim_ws/build/safety_pkg/build/lib/safety_pkg/safety.py -> /home/rilbasestation02/sim_ws/install/safety_pkg/lib/python3.8/site-packages/safety_pkg
[2.081s] copying /home/rilbasestation02/sim_ws/build/safety_pkg/build/lib/safety_pkg/__init__.py -> /home/rilbasestation02/sim_ws/install/safety_pkg/lib/python3.8/site-packages/safety_pkg
[2.082s] byte-compiling /home/rilbasestation02/sim_ws/install/safety_pkg/lib/python3.8/site-packages/safety_pkg/safety.py to safety.cpython-38.pyc
[2.085s] byte-compiling /home/rilbasestation02/sim_ws/install/safety_pkg/lib/python3.8/site-packages/safety_pkg/__init__.py to __init__.cpython-38.pyc
[2.085s] running install_data
[2.086s] creating /home/rilbasestation02/sim_ws/install/safety_pkg/share/ament_index
[2.087s] creating /home/rilbasestation02/sim_ws/install/safety_pkg/share/ament_index/resource_index
[2.087s] creating /home/rilbasestation02/sim_ws/install/safety_pkg/share/ament_index/resource_index/packages
[2.087s] copying resource/safety_pkg -> /home/rilbasestation02/sim_ws/install/safety_pkg/share/ament_index/resource_index/packages
[2.087s] copying package.xml -> /home/rilbasestation02/sim_ws/install/safety_pkg/share/safety_pkg
[2.087s] running install_egg_info
[2.089s] Copying ../../build/safety_pkg/safety_pkg.egg-info to /home/rilbasestation02/sim_ws/install/safety_pkg/lib/python3.8/site-packages/safety_pkg-0.0.0-py3.8.egg-info
[2.090s] running install_scripts
[2.114s] writing list of installed files to '/home/rilbasestation02/sim_ws/build/safety_pkg/install.log'
[2.320s] Invoked command in '/home/rilbasestation02/sim_ws/src/safety_pkg' returned '0': PYTHONPATH=/home/rilbasestation02/sim_ws/build/safety_pkg/prefix_override:/home/rilbasestation02/sim_ws/install/safety_pkg/lib/python3.8/site-packages:${PYTHONPATH} /usr/bin/python3 setup.py egg_info --egg-base ../../build/safety_pkg build --build-base /home/rilbasestation02/sim_ws/build/safety_pkg/build install --record /home/rilbasestation02/sim_ws/build/safety_pkg/install.log --single-version-externally-managed
