[2.267s] Invoking command in '/home/rilbasestation02/sim_ws/src/f1tenth_gym_ros': PYTHONPATH=/home/rilbasestation02/sim_ws/build/f1tenth_gym_ros/prefix_override:/home/rilbasestation02/sim_ws/install/f1tenth_gym_ros/lib/python3.8/site-packages:${PYTHONPATH} /usr/bin/python3 setup.py egg_info --egg-base ../../build/f1tenth_gym_ros build --build-base /home/rilbasestation02/sim_ws/build/f1tenth_gym_ros/build install --record /home/rilbasestation02/sim_ws/build/f1tenth_gym_ros/install.log --install-scripts $base/lib/f1tenth_gym_ros --single-version-externally-managed
[2.572s] running egg_info
[2.573s] writing ../../build/f1tenth_gym_ros/f1tenth_gym_ros.egg-info/PKG-INFO
[2.573s] writing dependency_links to ../../build/f1tenth_gym_ros/f1tenth_gym_ros.egg-info/dependency_links.txt
[2.573s] writing entry points to ../../build/f1tenth_gym_ros/f1tenth_gym_ros.egg-info/entry_points.txt
[2.573s] writing requirements to ../../build/f1tenth_gym_ros/f1tenth_gym_ros.egg-info/requires.txt
[2.573s] writing top-level names to ../../build/f1tenth_gym_ros/f1tenth_gym_ros.egg-info/top_level.txt
[2.620s] reading manifest file '../../build/f1tenth_gym_ros/f1tenth_gym_ros.egg-info/SOURCES.txt'
[2.621s] writing manifest file '../../build/f1tenth_gym_ros/f1tenth_gym_ros.egg-info/SOURCES.txt'
[2.622s] running build
[2.622s] running build_py
[2.622s] running install
[2.623s] running install_lib
[2.625s] running install_data
[2.626s] running install_egg_info
[2.628s] removing '/home/rilbasestation02/sim_ws/install/f1tenth_gym_ros/lib/python3.8/site-packages/f1tenth_gym_ros-0.0.0-py3.8.egg-info' (and everything under it)
[2.628s] Copying ../../build/f1tenth_gym_ros/f1tenth_gym_ros.egg-info to /home/rilbasestation02/sim_ws/install/f1tenth_gym_ros/lib/python3.8/site-packages/f1tenth_gym_ros-0.0.0-py3.8.egg-info
[2.629s] running install_scripts
[2.654s] Installing gym_bridge script to /home/rilbasestation02/sim_ws/install/f1tenth_gym_ros/lib/f1tenth_gym_ros
[2.654s] writing list of installed files to '/home/rilbasestation02/sim_ws/build/f1tenth_gym_ros/install.log'
[2.838s] Invoked command in '/home/rilbasestation02/sim_ws/src/f1tenth_gym_ros' returned '0': PYTHONPATH=/home/rilbasestation02/sim_ws/build/f1tenth_gym_ros/prefix_override:/home/rilbasestation02/sim_ws/install/f1tenth_gym_ros/lib/python3.8/site-packages:${PYTHONPATH} /usr/bin/python3 setup.py egg_info --egg-base ../../build/f1tenth_gym_ros build --build-base /home/rilbasestation02/sim_ws/build/f1tenth_gym_ros/build install --record /home/rilbasestation02/sim_ws/build/f1tenth_gym_ros/install.log --install-scripts $base/lib/f1tenth_gym_ros --single-version-externally-managed
