[1.910s] Invoking command in '/home/rilbasestation02/sim_ws/src/safety_pkg': PYTHONPATH=/home/rilbasestation02/sim_ws/build/safety_pkg/prefix_override:/home/rilbasestation02/sim_ws/install/safety_pkg/lib/python3.8/site-packages:${PYTHONPATH} /usr/bin/python3 setup.py egg_info --egg-base ../../build/safety_pkg build --build-base /home/rilbasestation02/sim_ws/build/safety_pkg/build install --record /home/rilbasestation02/sim_ws/build/safety_pkg/install.log --single-version-externally-managed
[2.240s] running egg_info
[2.241s] writing ../../build/safety_pkg/safety_pkg.egg-info/PKG-INFO
[2.241s] writing dependency_links to ../../build/safety_pkg/safety_pkg.egg-info/dependency_links.txt
[2.241s] writing entry points to ../../build/safety_pkg/safety_pkg.egg-info/entry_points.txt
[2.242s] writing requirements to ../../build/safety_pkg/safety_pkg.egg-info/requires.txt
[2.242s] writing top-level names to ../../build/safety_pkg/safety_pkg.egg-info/top_level.txt
[2.286s] reading manifest file '../../build/safety_pkg/safety_pkg.egg-info/SOURCES.txt'
[2.288s] writing manifest file '../../build/safety_pkg/safety_pkg.egg-info/SOURCES.txt'
[2.288s] running build
[2.288s] running build_py
[2.288s] copying safety_pkg/safety.py -> /home/rilbasestation02/sim_ws/build/safety_pkg/build/lib/safety_pkg
[2.288s] running install
[2.289s] running install_lib
[2.291s] copying /home/rilbasestation02/sim_ws/build/safety_pkg/build/lib/safety_pkg/safety.py -> /home/rilbasestation02/sim_ws/install/safety_pkg/lib/python3.8/site-packages/safety_pkg
[2.291s] byte-compiling /home/rilbasestation02/sim_ws/install/safety_pkg/lib/python3.8/site-packages/safety_pkg/safety.py to safety.cpython-38.pyc
[2.294s] running install_data
[2.295s] running install_egg_info
[2.297s] removing '/home/rilbasestation02/sim_ws/install/safety_pkg/lib/python3.8/site-packages/safety_pkg-0.0.0-py3.8.egg-info' (and everything under it)
[2.297s] Copying ../../build/safety_pkg/safety_pkg.egg-info to /home/rilbasestation02/sim_ws/install/safety_pkg/lib/python3.8/site-packages/safety_pkg-0.0.0-py3.8.egg-info
[2.298s] running install_scripts
[2.319s] Installing safety script to /home/rilbasestation02/sim_ws/install/safety_pkg/lib/safety_pkg
[2.319s] writing list of installed files to '/home/rilbasestation02/sim_ws/build/safety_pkg/install.log'
[2.345s] Invoked command in '/home/rilbasestation02/sim_ws/src/safety_pkg' returned '0': PYTHONPATH=/home/rilbasestation02/sim_ws/build/safety_pkg/prefix_override:/home/rilbasestation02/sim_ws/install/safety_pkg/lib/python3.8/site-packages:${PYTHONPATH} /usr/bin/python3 setup.py egg_info --egg-base ../../build/safety_pkg build --build-base /home/rilbasestation02/sim_ws/build/safety_pkg/build install --record /home/rilbasestation02/sim_ws/build/safety_pkg/install.log --single-version-externally-managed
