[3.113s] DEBUG:colcon:Command line arguments: ['/usr/bin/colcon', 'build']
[3.113s] DEBUG:colcon:Parsed command line arguments: Namespace(allow_overriding=[], ament_cmake_args=None, base_paths=['.'], build_base='build', catkin_cmake_args=None, catkin_skip_building_tests=False, cmake_args=None, cmake_clean_cache=False, cmake_clean_first=False, cmake_force_configure=False, cmake_target=None, cmake_target_skip_unavailable=False, continue_on_error=False, event_handlers=None, executor='parallel', ignore_user_meta=False, install_base='install', log_base=None, log_level=None, main=<bound method BuildVerb.main of <colcon_core.verb.build.BuildVerb object at 0x7f105d3f7e50>>, merge_install=False, metas=['./colcon.meta'], packages_above=None, packages_above_and_dependencies=None, packages_above_depth=None, packages_end=None, packages_ignore=None, packages_ignore_regex=None, packages_select=None, packages_select_build_failed=False, packages_select_by_dep=None, packages_select_regex=None, packages_select_test_failures=False, packages_skip=None, packages_skip_build_finished=False, packages_skip_by_dep=None, packages_skip_regex=None, packages_skip_test_passed=False, packages_skip_up_to=None, packages_start=None, packages_up_to=None, packages_up_to_regex=None, parallel_workers=8, paths=None, symlink_install=False, test_result_base=None, verb_extension=<colcon_core.verb.build.BuildVerb object at 0x7f105d3f7e50>, verb_name='build', verb_parser=<colcon_defaults.argument_parser.defaults.DefaultArgumentsDecorator object at 0x7f105d3f7820>)
[3.243s] Level 1:colcon.colcon_core.package_discovery:discover_packages(colcon_meta) check parameters
[3.243s] Level 1:colcon.colcon_core.package_discovery:discover_packages(recursive) check parameters
[3.249s] Level 1:colcon.colcon_core.package_discovery:discover_packages(ignore) check parameters
[3.250s] Level 1:colcon.colcon_core.package_discovery:discover_packages(path) check parameters
[3.250s] Level 1:colcon.colcon_core.package_discovery:discover_packages(colcon_meta) discover
[3.250s] Level 1:colcon.colcon_core.package_discovery:discover_packages(recursive) discover
[3.250s] INFO:colcon.colcon_core.package_discovery:Crawling recursively for packages in '/home/rilbasestation02/sim_ws/src'
[3.250s] Level 1:colcon.colcon_core.package_identification:_identify(.) by extensions ['ignore', 'ignore_ament_install']
[3.251s] Level 1:colcon.colcon_core.package_identification:_identify(.) by extension 'ignore'
[3.251s] Level 1:colcon.colcon_core.package_identification:_identify(.) by extension 'ignore_ament_install'
[3.251s] Level 1:colcon.colcon_core.package_identification:_identify(.) by extensions ['colcon_pkg']
[3.251s] Level 1:colcon.colcon_core.package_identification:_identify(.) by extension 'colcon_pkg'
[3.251s] Level 1:colcon.colcon_core.package_identification:_identify(.) by extensions ['colcon_meta']
[3.251s] Level 1:colcon.colcon_core.package_identification:_identify(.) by extension 'colcon_meta'
[3.251s] Level 1:colcon.colcon_core.package_identification:_identify(.) by extensions ['ros']
[3.251s] Level 1:colcon.colcon_core.package_identification:_identify(.) by extension 'ros'
[3.270s] Level 1:colcon.colcon_core.package_identification:_identify(.) by extensions ['cmake', 'python']
[3.270s] Level 1:colcon.colcon_core.package_identification:_identify(.) by extension 'cmake'
[3.270s] Level 1:colcon.colcon_core.package_identification:_identify(.) by extension 'python'
[3.270s] Level 1:colcon.colcon_core.package_identification:_identify(.) by extensions ['python_setup_py']
[3.270s] Level 1:colcon.colcon_core.package_identification:_identify(.) by extension 'python_setup_py'
[3.270s] Level 1:colcon.colcon_core.package_identification:_identify(build) by extensions ['ignore', 'ignore_ament_install']
[3.270s] Level 1:colcon.colcon_core.package_identification:_identify(build) by extension 'ignore'
[3.270s] Level 1:colcon.colcon_core.package_identification:_identify(build) ignored
[3.270s] Level 1:colcon.colcon_core.package_identification:_identify(f1tenth_gym_ros) by extensions ['ignore', 'ignore_ament_install']
[3.270s] Level 1:colcon.colcon_core.package_identification:_identify(f1tenth_gym_ros) by extension 'ignore'
[3.271s] Level 1:colcon.colcon_core.package_identification:_identify(f1tenth_gym_ros) by extension 'ignore_ament_install'
[3.271s] Level 1:colcon.colcon_core.package_identification:_identify(f1tenth_gym_ros) by extensions ['colcon_pkg']
[3.271s] Level 1:colcon.colcon_core.package_identification:_identify(f1tenth_gym_ros) by extension 'colcon_pkg'
[3.271s] Level 1:colcon.colcon_core.package_identification:_identify(f1tenth_gym_ros) by extensions ['colcon_meta']
[3.271s] Level 1:colcon.colcon_core.package_identification:_identify(f1tenth_gym_ros) by extension 'colcon_meta'
[3.271s] Level 1:colcon.colcon_core.package_identification:_identify(f1tenth_gym_ros) by extensions ['ros']
[3.271s] Level 1:colcon.colcon_core.package_identification:_identify(f1tenth_gym_ros) by extension 'ros'
[3.275s] DEBUG:colcon.colcon_core.package_identification:Package 'f1tenth_gym_ros' with type 'ros.ament_python' and name 'f1tenth_gym_ros'
[3.275s] Level 1:colcon.colcon_core.package_identification:_identify(install) by extensions ['ignore', 'ignore_ament_install']
[3.275s] Level 1:colcon.colcon_core.package_identification:_identify(install) by extension 'ignore'
[3.275s] Level 1:colcon.colcon_core.package_identification:_identify(install) ignored
[3.275s] Level 1:colcon.colcon_core.package_identification:_identify(log) by extensions ['ignore', 'ignore_ament_install']
[3.275s] Level 1:colcon.colcon_core.package_identification:_identify(log) by extension 'ignore'
[3.276s] Level 1:colcon.colcon_core.package_identification:_identify(log) ignored
[3.276s] Level 1:colcon.colcon_core.package_identification:_identify(safety_pkg) by extensions ['ignore', 'ignore_ament_install']
[3.276s] Level 1:colcon.colcon_core.package_identification:_identify(safety_pkg) by extension 'ignore'
[3.276s] Level 1:colcon.colcon_core.package_identification:_identify(safety_pkg) by extension 'ignore_ament_install'
[3.276s] Level 1:colcon.colcon_core.package_identification:_identify(safety_pkg) by extensions ['colcon_pkg']
[3.276s] Level 1:colcon.colcon_core.package_identification:_identify(safety_pkg) by extension 'colcon_pkg'
[3.276s] Level 1:colcon.colcon_core.package_identification:_identify(safety_pkg) by extensions ['colcon_meta']
[3.276s] Level 1:colcon.colcon_core.package_identification:_identify(safety_pkg) by extension 'colcon_meta'
[3.276s] Level 1:colcon.colcon_core.package_identification:_identify(safety_pkg) by extensions ['ros']
[3.276s] Level 1:colcon.colcon_core.package_identification:_identify(safety_pkg) by extension 'ros'
[3.277s] DEBUG:colcon.colcon_core.package_identification:Package 'safety_pkg' with type 'ros.ament_python' and name 'safety_pkg'
[3.277s] Level 1:colcon.colcon_core.package_discovery:discover_packages(recursive) using defaults
[3.277s] Level 1:colcon.colcon_core.package_discovery:discover_packages(ignore) discover
[3.277s] Level 1:colcon.colcon_core.package_discovery:discover_packages(ignore) using defaults
[3.277s] Level 1:colcon.colcon_core.package_discovery:discover_packages(path) discover
[3.277s] Level 1:colcon.colcon_core.package_discovery:discover_packages(path) using defaults
[3.557s] Level 1:colcon.colcon_core.package_discovery:discover_packages(prefix_path) check parameters
[3.557s] Level 1:colcon.colcon_core.package_discovery:discover_packages(prefix_path) discover
[3.662s] DEBUG:colcon.colcon_installed_package_information.package_discovery:Found 280 installed packages in /opt/ros/galactic
[3.664s] Level 1:colcon.colcon_core.package_discovery:discover_packages(prefix_path) using defaults
[3.918s] Level 5:colcon.colcon_core.verb:set package 'f1tenth_gym_ros' build argument 'cmake_args' from command line to 'None'
[3.918s] Level 5:colcon.colcon_core.verb:set package 'f1tenth_gym_ros' build argument 'cmake_target' from command line to 'None'
[3.918s] Level 5:colcon.colcon_core.verb:set package 'f1tenth_gym_ros' build argument 'cmake_target_skip_unavailable' from command line to 'False'
[3.918s] Level 5:colcon.colcon_core.verb:set package 'f1tenth_gym_ros' build argument 'cmake_clean_cache' from command line to 'False'
[3.918s] Level 5:colcon.colcon_core.verb:set package 'f1tenth_gym_ros' build argument 'cmake_clean_first' from command line to 'False'
[3.918s] Level 5:colcon.colcon_core.verb:set package 'f1tenth_gym_ros' build argument 'cmake_force_configure' from command line to 'False'
[3.918s] Level 5:colcon.colcon_core.verb:set package 'f1tenth_gym_ros' build argument 'ament_cmake_args' from command line to 'None'
[3.918s] Level 5:colcon.colcon_core.verb:set package 'f1tenth_gym_ros' build argument 'catkin_cmake_args' from command line to 'None'
[3.918s] Level 5:colcon.colcon_core.verb:set package 'f1tenth_gym_ros' build argument 'catkin_skip_building_tests' from command line to 'False'
[3.918s] DEBUG:colcon.colcon_core.verb:Building package 'f1tenth_gym_ros' with the following arguments: {'ament_cmake_args': None, 'build_base': '/home/rilbasestation02/sim_ws/src/build/f1tenth_gym_ros', 'catkin_cmake_args': None, 'catkin_skip_building_tests': False, 'cmake_args': None, 'cmake_clean_cache': False, 'cmake_clean_first': False, 'cmake_force_configure': False, 'cmake_target': None, 'cmake_target_skip_unavailable': False, 'install_base': '/home/rilbasestation02/sim_ws/src/install/f1tenth_gym_ros', 'merge_install': False, 'path': '/home/rilbasestation02/sim_ws/src/f1tenth_gym_ros', 'symlink_install': False, 'test_result_base': None}
[3.986s] Level 5:colcon.colcon_core.verb:set package 'safety_pkg' build argument 'cmake_args' from command line to 'None'
[3.986s] Level 5:colcon.colcon_core.verb:set package 'safety_pkg' build argument 'cmake_target' from command line to 'None'
[3.986s] Level 5:colcon.colcon_core.verb:set package 'safety_pkg' build argument 'cmake_target_skip_unavailable' from command line to 'False'
[3.986s] Level 5:colcon.colcon_core.verb:set package 'safety_pkg' build argument 'cmake_clean_cache' from command line to 'False'
[3.986s] Level 5:colcon.colcon_core.verb:set package 'safety_pkg' build argument 'cmake_clean_first' from command line to 'False'
[3.986s] Level 5:colcon.colcon_core.verb:set package 'safety_pkg' build argument 'cmake_force_configure' from command line to 'False'
[3.987s] Level 5:colcon.colcon_core.verb:set package 'safety_pkg' build argument 'ament_cmake_args' from command line to 'None'
[3.987s] Level 5:colcon.colcon_core.verb:set package 'safety_pkg' build argument 'catkin_cmake_args' from command line to 'None'
[3.987s] Level 5:colcon.colcon_core.verb:set package 'safety_pkg' build argument 'catkin_skip_building_tests' from command line to 'False'
[3.987s] DEBUG:colcon.colcon_core.verb:Building package 'safety_pkg' with the following arguments: {'ament_cmake_args': None, 'build_base': '/home/rilbasestation02/sim_ws/src/build/safety_pkg', 'catkin_cmake_args': None, 'catkin_skip_building_tests': False, 'cmake_args': None, 'cmake_clean_cache': False, 'cmake_clean_first': False, 'cmake_force_configure': False, 'cmake_target': None, 'cmake_target_skip_unavailable': False, 'install_base': '/home/rilbasestation02/sim_ws/src/install/safety_pkg', 'merge_install': False, 'path': '/home/rilbasestation02/sim_ws/src/safety_pkg', 'symlink_install': False, 'test_result_base': None}
[4.039s] INFO:colcon.colcon_core.executor:Executing jobs using 'parallel' executor
[4.090s] DEBUG:colcon.colcon_parallel_executor.executor.parallel:run_until_complete
[4.090s] INFO:colcon.colcon_ros.task.ament_python.build:Building ROS package in '/home/rilbasestation02/sim_ws/src/f1tenth_gym_ros' with build type 'ament_python'
[4.090s] Level 1:colcon.colcon_core.shell:create_environment_hook('f1tenth_gym_ros', 'ament_prefix_path')
[4.147s] INFO:colcon.colcon_core.plugin_system:Skipping extension 'colcon_core.shell.bat': Not used on non-Windows systems
[4.147s] INFO:colcon.colcon_core.shell:Creating environment hook '/home/rilbasestation02/sim_ws/src/install/f1tenth_gym_ros/share/f1tenth_gym_ros/hook/ament_prefix_path.ps1'
[4.148s] INFO:colcon.colcon_core.shell:Creating environment descriptor '/home/rilbasestation02/sim_ws/src/install/f1tenth_gym_ros/share/f1tenth_gym_ros/hook/ament_prefix_path.dsv'
[4.149s] INFO:colcon.colcon_core.shell:Creating environment hook '/home/rilbasestation02/sim_ws/src/install/f1tenth_gym_ros/share/f1tenth_gym_ros/hook/ament_prefix_path.sh'
[4.202s] INFO:colcon.colcon_core.shell:Skip shell extension 'powershell' for command environment: Not usable outside of PowerShell
[4.203s] DEBUG:colcon.colcon_core.shell:Skip shell extension 'dsv' for command environment
[4.331s] INFO:colcon.colcon_ros.task.ament_python.build:Building ROS package in '/home/rilbasestation02/sim_ws/src/safety_pkg' with build type 'ament_python'
[4.331s] Level 1:colcon.colcon_core.shell:create_environment_hook('safety_pkg', 'ament_prefix_path')
[4.392s] INFO:colcon.colcon_core.shell:Creating environment hook '/home/rilbasestation02/sim_ws/src/install/safety_pkg/share/safety_pkg/hook/ament_prefix_path.ps1'
[4.393s] INFO:colcon.colcon_core.shell:Creating environment descriptor '/home/rilbasestation02/sim_ws/src/install/safety_pkg/share/safety_pkg/hook/ament_prefix_path.dsv'
[4.394s] INFO:colcon.colcon_core.shell:Creating environment hook '/home/rilbasestation02/sim_ws/src/install/safety_pkg/share/safety_pkg/hook/ament_prefix_path.sh'
[4.455s] INFO:colcon.colcon_core.shell:Skip shell extension 'powershell' for command environment: Not usable outside of PowerShell
[4.455s] DEBUG:colcon.colcon_core.shell:Skip shell extension 'dsv' for command environment
[4.895s] INFO:colcon.colcon_core.task.python.build:Building Python package in '/home/rilbasestation02/sim_ws/src/f1tenth_gym_ros'
[4.962s] INFO:colcon.colcon_core.shell:Skip shell extension 'powershell' for command environment: Not usable outside of PowerShell
[4.963s] DEBUG:colcon.colcon_core.shell:Skip shell extension 'dsv' for command environment
[5.376s] INFO:colcon.colcon_core.task.python.build:Building Python package in '/home/rilbasestation02/sim_ws/src/safety_pkg'
[5.440s] INFO:colcon.colcon_core.shell:Skip shell extension 'powershell' for command environment: Not usable outside of PowerShell
[5.440s] DEBUG:colcon.colcon_core.shell:Skip shell extension 'dsv' for command environment
[6.087s] DEBUG:colcon.colcon_core.event_handler.log_command:Invoking command in '/home/rilbasestation02/sim_ws/src/f1tenth_gym_ros': PYTHONPATH=/home/rilbasestation02/sim_ws/src/build/f1tenth_gym_ros/prefix_override:/home/rilbasestation02/sim_ws/src/install/f1tenth_gym_ros/lib/python3.8/site-packages:${PYTHONPATH} /usr/bin/python3 setup.py egg_info --egg-base ../build/f1tenth_gym_ros build --build-base /home/rilbasestation02/sim_ws/src/build/f1tenth_gym_ros/build install --record /home/rilbasestation02/sim_ws/src/build/f1tenth_gym_ros/install.log --install-scripts $base/lib/f1tenth_gym_ros --single-version-externally-managed
[6.097s] DEBUG:colcon.colcon_core.event_handler.log_command:Invoking command in '/home/rilbasestation02/sim_ws/src/safety_pkg': PYTHONPATH=/home/rilbasestation02/sim_ws/src/build/safety_pkg/prefix_override:/home/rilbasestation02/sim_ws/src/install/safety_pkg/lib/python3.8/site-packages:${PYTHONPATH} /usr/bin/python3 setup.py egg_info --egg-base ../build/safety_pkg build --build-base /home/rilbasestation02/sim_ws/src/build/safety_pkg/build install --record /home/rilbasestation02/sim_ws/src/build/safety_pkg/install.log --single-version-externally-managed
[6.500s] DEBUG:colcon.colcon_core.event_handler.log_command:Invoked command in '/home/rilbasestation02/sim_ws/src/f1tenth_gym_ros' returned '0': PYTHONPATH=/home/rilbasestation02/sim_ws/src/build/f1tenth_gym_ros/prefix_override:/home/rilbasestation02/sim_ws/src/install/f1tenth_gym_ros/lib/python3.8/site-packages:${PYTHONPATH} /usr/bin/python3 setup.py egg_info --egg-base ../build/f1tenth_gym_ros build --build-base /home/rilbasestation02/sim_ws/src/build/f1tenth_gym_ros/build install --record /home/rilbasestation02/sim_ws/src/build/f1tenth_gym_ros/install.log --install-scripts $base/lib/f1tenth_gym_ros --single-version-externally-managed
[6.565s] Level 1:colcon.colcon_core.environment:checking '/home/rilbasestation02/sim_ws/src/install/f1tenth_gym_ros' for CMake module files
[6.566s] Level 1:colcon.colcon_core.environment:checking '/home/rilbasestation02/sim_ws/src/install/f1tenth_gym_ros' for CMake config files
[6.567s] Level 1:colcon.colcon_core.environment:checking '/home/rilbasestation02/sim_ws/src/install/f1tenth_gym_ros/lib'
[6.567s] Level 1:colcon.colcon_core.environment:checking '/home/rilbasestation02/sim_ws/src/install/f1tenth_gym_ros/bin'
[6.567s] Level 1:colcon.colcon_core.environment:checking '/home/rilbasestation02/sim_ws/src/install/f1tenth_gym_ros/lib/pkgconfig/f1tenth_gym_ros.pc'
[6.568s] Level 1:colcon.colcon_core.environment:checking '/home/rilbasestation02/sim_ws/src/install/f1tenth_gym_ros/lib/python3.8/site-packages'
[6.568s] Level 1:colcon.colcon_core.shell:create_environment_hook('f1tenth_gym_ros', 'pythonpath')
[6.622s] INFO:colcon.colcon_core.shell:Creating environment hook '/home/rilbasestation02/sim_ws/src/install/f1tenth_gym_ros/share/f1tenth_gym_ros/hook/pythonpath.ps1'
[6.623s] INFO:colcon.colcon_core.shell:Creating environment descriptor '/home/rilbasestation02/sim_ws/src/install/f1tenth_gym_ros/share/f1tenth_gym_ros/hook/pythonpath.dsv'
[6.624s] INFO:colcon.colcon_core.shell:Creating environment hook '/home/rilbasestation02/sim_ws/src/install/f1tenth_gym_ros/share/f1tenth_gym_ros/hook/pythonpath.sh'
[6.625s] Level 1:colcon.colcon_core.environment:checking '/home/rilbasestation02/sim_ws/src/install/f1tenth_gym_ros/bin'
[6.625s] Level 1:colcon.colcon_core.environment:create_environment_scripts_only(f1tenth_gym_ros)
[6.681s] INFO:colcon.colcon_core.shell:Creating package script '/home/rilbasestation02/sim_ws/src/install/f1tenth_gym_ros/share/f1tenth_gym_ros/package.ps1'
[6.682s] INFO:colcon.colcon_core.shell:Creating package descriptor '/home/rilbasestation02/sim_ws/src/install/f1tenth_gym_ros/share/f1tenth_gym_ros/package.dsv'
[6.682s] INFO:colcon.colcon_core.shell:Creating package script '/home/rilbasestation02/sim_ws/src/install/f1tenth_gym_ros/share/f1tenth_gym_ros/package.sh'
[6.683s] INFO:colcon.colcon_core.shell:Creating package script '/home/rilbasestation02/sim_ws/src/install/f1tenth_gym_ros/share/f1tenth_gym_ros/package.bash'
[6.684s] INFO:colcon.colcon_core.shell:Creating package script '/home/rilbasestation02/sim_ws/src/install/f1tenth_gym_ros/share/f1tenth_gym_ros/package.zsh'
[6.684s] Level 1:colcon.colcon_core.environment:create_file_with_runtime_dependencies(/home/rilbasestation02/sim_ws/src/install/f1tenth_gym_ros/share/colcon-core/packages/f1tenth_gym_ros)
[6.687s] DEBUG:colcon.colcon_core.event_handler.log_command:Invoked command in '/home/rilbasestation02/sim_ws/src/safety_pkg' returned '0': PYTHONPATH=/home/rilbasestation02/sim_ws/src/build/safety_pkg/prefix_override:/home/rilbasestation02/sim_ws/src/install/safety_pkg/lib/python3.8/site-packages:${PYTHONPATH} /usr/bin/python3 setup.py egg_info --egg-base ../build/safety_pkg build --build-base /home/rilbasestation02/sim_ws/src/build/safety_pkg/build install --record /home/rilbasestation02/sim_ws/src/build/safety_pkg/install.log --single-version-externally-managed
[6.747s] Level 1:colcon.colcon_core.environment:checking '/home/rilbasestation02/sim_ws/src/install/safety_pkg' for CMake module files
[6.747s] Level 1:colcon.colcon_core.environment:checking '/home/rilbasestation02/sim_ws/src/install/safety_pkg' for CMake config files
[6.748s] Level 1:colcon.colcon_core.environment:checking '/home/rilbasestation02/sim_ws/src/install/safety_pkg/lib'
[6.748s] Level 1:colcon.colcon_core.environment:checking '/home/rilbasestation02/sim_ws/src/install/safety_pkg/bin'
[6.748s] Level 1:colcon.colcon_core.environment:checking '/home/rilbasestation02/sim_ws/src/install/safety_pkg/lib/pkgconfig/safety_pkg.pc'
[6.748s] Level 1:colcon.colcon_core.environment:checking '/home/rilbasestation02/sim_ws/src/install/safety_pkg/lib/python3.8/site-packages'
[6.748s] Level 1:colcon.colcon_core.shell:create_environment_hook('safety_pkg', 'pythonpath')
[6.797s] INFO:colcon.colcon_core.shell:Creating environment hook '/home/rilbasestation02/sim_ws/src/install/safety_pkg/share/safety_pkg/hook/pythonpath.ps1'
[6.798s] INFO:colcon.colcon_core.shell:Creating environment descriptor '/home/rilbasestation02/sim_ws/src/install/safety_pkg/share/safety_pkg/hook/pythonpath.dsv'
[6.798s] INFO:colcon.colcon_core.shell:Creating environment hook '/home/rilbasestation02/sim_ws/src/install/safety_pkg/share/safety_pkg/hook/pythonpath.sh'
[6.798s] Level 1:colcon.colcon_core.environment:checking '/home/rilbasestation02/sim_ws/src/install/safety_pkg/bin'
[6.798s] Level 1:colcon.colcon_core.environment:create_environment_scripts_only(safety_pkg)
[6.855s] INFO:colcon.colcon_core.shell:Creating package script '/home/rilbasestation02/sim_ws/src/install/safety_pkg/share/safety_pkg/package.ps1'
[6.855s] INFO:colcon.colcon_core.shell:Creating package descriptor '/home/rilbasestation02/sim_ws/src/install/safety_pkg/share/safety_pkg/package.dsv'
[6.856s] INFO:colcon.colcon_core.shell:Creating package script '/home/rilbasestation02/sim_ws/src/install/safety_pkg/share/safety_pkg/package.sh'
[6.856s] INFO:colcon.colcon_core.shell:Creating package script '/home/rilbasestation02/sim_ws/src/install/safety_pkg/share/safety_pkg/package.bash'
[6.856s] INFO:colcon.colcon_core.shell:Creating package script '/home/rilbasestation02/sim_ws/src/install/safety_pkg/share/safety_pkg/package.zsh'
[6.857s] Level 1:colcon.colcon_core.environment:create_file_with_runtime_dependencies(/home/rilbasestation02/sim_ws/src/install/safety_pkg/share/colcon-core/packages/safety_pkg)
[6.857s] DEBUG:colcon.colcon_parallel_executor.executor.parallel:closing loop
[6.858s] DEBUG:colcon.colcon_parallel_executor.executor.parallel:loop closed
[6.858s] DEBUG:colcon.colcon_parallel_executor.executor.parallel:run_until_complete finished with '0'
[6.858s] DEBUG:colcon.colcon_core.event_reactor:joining thread
[6.934s] INFO:colcon.colcon_core.plugin_system:Skipping extension 'colcon_notification.desktop_notification.terminal_notifier': Not used on non-Darwin systems
[6.934s] INFO:colcon.colcon_core.plugin_system:Skipping extension 'colcon_notification.desktop_notification.win32': Not used on non-Windows systems
[6.934s] INFO:colcon.colcon_notification.desktop_notification:Sending desktop notification using 'notify2'
[6.952s] DEBUG:colcon.colcon_core.event_reactor:joined thread
[7.009s] INFO:colcon.colcon_core.shell:Creating prefix script '/home/rilbasestation02/sim_ws/src/install/local_setup.ps1'
[7.010s] INFO:colcon.colcon_core.shell:Creating prefix util module '/home/rilbasestation02/sim_ws/src/install/_local_setup_util_ps1.py'
[7.012s] INFO:colcon.colcon_core.shell:Creating prefix chain script '/home/rilbasestation02/sim_ws/src/install/setup.ps1'
[7.070s] INFO:colcon.colcon_core.shell:Creating prefix script '/home/rilbasestation02/sim_ws/src/install/local_setup.sh'
[7.071s] INFO:colcon.colcon_core.shell:Creating prefix util module '/home/rilbasestation02/sim_ws/src/install/_local_setup_util_sh.py'
[7.071s] INFO:colcon.colcon_core.shell:Creating prefix chain script '/home/rilbasestation02/sim_ws/src/install/setup.sh'
[7.131s] INFO:colcon.colcon_core.shell:Creating prefix script '/home/rilbasestation02/sim_ws/src/install/local_setup.bash'
[7.131s] INFO:colcon.colcon_core.shell:Creating prefix chain script '/home/rilbasestation02/sim_ws/src/install/setup.bash'
[7.200s] INFO:colcon.colcon_core.shell:Creating prefix script '/home/rilbasestation02/sim_ws/src/install/local_setup.zsh'
[7.200s] INFO:colcon.colcon_core.shell:Creating prefix chain script '/home/rilbasestation02/sim_ws/src/install/setup.zsh'
